============================= test session starts =============================
platform win32 -- Python 3.12.10, pytest-9.0.3, pluggy-1.6.0 -- C:\Users\cubecloud-io\github-pr\hermes-webui\.venv\Scripts\python.exe
cachedir: .pytest_cache
rootdir: C:\Users\cubecloud-io\github-pr\hermes-webui
plugins: timeout-2.4.0
timeout: 60.0s
timeout method: thread
timeout func_only: False
collecting ... 
WARNING: hermes-agent not found; 25 agent-dependent tests will be skipped

collected 4836 items

tests/test_1003_appearance_autosave.py::test_appearance_pickers_schedule_autosave_and_do_not_mark_dirty PASSED [  0%]
tests/test_1003_appearance_autosave.py::test_appearance_revert_preview_no_longer_rolls_back_theme_skin_font PASSED [  0%]
tests/test_1003_appearance_autosave.py::test_appearance_autosave_payload_is_theme_skin_font_only PASSED [  0%]
tests/test_1003_appearance_autosave.py::test_appearance_autosave_status_line_and_i18n_keys_exist PASSED [  0%]
tests/test_1003_appearance_autosave.py::test_full_save_settings_still_includes_font_size PASSED [  0%]
tests/test_1003_appearance_autosave.py::test_settings_api_accepts_appearance_only_payload_without_overwriting_other_fields PASSED [  0%]
tests/test_1003_preferences_autosave.py::test_all_14_preference_fields_have_autosave_payload_entries PASSED [  0%]
tests/test_1003_preferences_autosave.py::test_preference_fields_use_schedule_autosave_not_mark_dirty PASSED [  0%]
tests/test_1003_preferences_autosave.py::test_password_still_uses_mark_dirty PASSED [  0%]
tests/test_1003_preferences_autosave.py::test_autosave_clears_dirty_flag_and_hides_unsaved_bar PASSED [  0%]
tests/test_1003_preferences_autosave.py::test_status_div_exists_in_index_html PASSED [  0%]
tests/test_1003_preferences_autosave.py::test_set_status_uses_shared_i18n_keys PASSED [  0%]
tests/test_1003_preferences_autosave.py::test_retry_function_exists_and_falls_back_gracefully PASSED [  0%]
tests/test_1003_preferences_autosave.py::test_debounce_cancels_pending_timer_on_rapid_input PASSED [  0%]
tests/test_1003_preferences_autosave.py::test_phase1_appearance_autosave_still_passes PASSED [  0%]
tests/test_1038_pwa_auth_redirect.py::TestPWAAuthRedirect::test_workspace_js_has_401_redirect PASSED [  0%]
tests/test_1038_pwa_auth_redirect.py::TestPWAAuthRedirect::test_workspace_js_401_before_throw PASSED [  0%]
tests/test_1038_pwa_auth_redirect.py::TestPWAAuthRedirect::test_ui_js_has_redirect_helper PASSED [  0%]
tests/test_1038_pwa_auth_redirect.py::TestPWAAuthRedirect::test_ui_js_models_fetch_uses_redirect PASSED [  0%]
tests/test_1038_pwa_auth_redirect.py::TestPWAAuthRedirect::test_ui_js_live_models_fetch_uses_redirect PASSED [  0%]
tests/test_1038_pwa_auth_redirect.py::TestPWAAuthRedirect::test_ui_js_upload_fetch_uses_redirect PASSED [  0%]
tests/test_1038_pwa_auth_redirect.py::TestLoginJsSafeNextPath::test_safe_next_path_function_exists PASSED [  0%]
tests/test_1038_pwa_auth_redirect.py::TestLoginJsSafeNextPath::test_login_uses_safe_next_path PASSED [  0%]
tests/test_1038_pwa_auth_redirect.py::TestLoginJsSafeNextPath::test_safe_next_path_rejects_protocol_relative PASSED [  0%]
tests/test_1038_pwa_auth_redirect.py::TestLoginJsSafeNextPath::test_safe_next_path_rejects_non_path_absolute PASSED [  0%]
tests/test_1044_mermaid_csp_font.py::TestMermaidCSPFont::test_mermaid_init_has_font_family_inherit PASSED [  0%]
tests/test_1044_mermaid_csp_font.py::TestMermaidCSPFont::test_mermaid_init_no_google_fonts_url PASSED [  0%]
tests/test_1044_mermaid_csp_font.py::TestMermaidCSPFont::test_mermaid_font_family_inside_theme_variables_block PASSED [  0%]
tests/test_1045_bfcache_layout_restore.py::TestBfcacheLayoutRestore::test_pageshow_calls_sync_topbar PASSED [  0%]
tests/test_1045_bfcache_layout_restore.py::TestBfcacheLayoutRestore::test_pageshow_calls_sync_workspace_panel_state PASSED [  0%]
tests/test_1045_bfcache_layout_restore.py::TestBfcacheLayoutRestore::test_pageshow_calls_start_gateway_sse PASSED [  0%]
tests/test_1045_bfcache_layout_restore.py::TestBfcacheLayoutRestore::test_pageshow_still_clears_session_search PASSED [  0%]
tests/test_1045_bfcache_layout_restore.py::TestBfcacheLayoutRestore::test_pageshow_still_calls_render_session_list_from_cache PASSED [  0%]
tests/test_1045_bfcache_layout_restore.py::TestBfcacheLayoutRestore::test_pageshow_does_not_call_init_resize_panels PASSED [  0%]
tests/test_1045_bfcache_layout_restore.py::TestBfcacheLayoutRestore::test_new_calls_are_guarded_with_typeof PASSED [  0%]
tests/test_1045_bfcache_layout_restore.py::TestBfcacheLayoutRestore::test_pageshow_closes_all_dropdowns PASSED [  0%]
tests/test_1045_bfcache_layout_restore.py::TestBfcacheLayoutRestore::test_dropdowns_closed_before_layout_sync PASSED [  0%]
tests/test_1058_adaptive_title_refresh.py::TestCountExchanges::test_empty_messages_returns_zero PASSED [  0%]
tests/test_1058_adaptive_title_refresh.py::TestCountExchanges::test_none_messages_returns_zero PASSED [  0%]
tests/test_1058_adaptive_title_refresh.py::TestCountExchanges::test_counts_only_user_messages PASSED [  0%]
tests/test_1058_adaptive_title_refresh.py::TestCountExchanges::test_skips_empty_user_messages PASSED [  0%]
tests/test_1058_adaptive_title_refresh.py::TestCountExchanges::test_counts_list_content_user_messages PASSED [  0%]
tests/test_1058_adaptive_title_refresh.py::TestCountExchanges::test_skips_empty_list_content PASSED [  0%]
tests/test_1058_adaptive_title_refresh.py::TestCountExchanges::test_ignores_non_user_roles PASSED [  0%]
tests/test_1058_adaptive_title_refresh.py::TestCountExchanges::test_ignores_non_dict_entries PASSED [  0%]
tests/test_1058_adaptive_title_refresh.py::TestCountExchanges::test_five_exchanges PASSED [  0%]
tests/test_1058_adaptive_title_refresh.py::TestLatestExchangeSnippets::test_empty_returns_empty_strings PASSED [  0%]
tests/test_1058_adaptive_title_refresh.py::TestLatestExchangeSnippets::test_none_returns_empty_strings PASSED [  0%]
tests/test_1058_adaptive_title_refresh.py::TestLatestExchangeSnippets::test_basic_pair PASSED [  1%]
tests/test_1058_adaptive_title_refresh.py::TestLatestExchangeSnippets::test_returns_latest_not_first PASSED [  1%]
tests/test_1058_adaptive_title_refresh.py::TestLatestExchangeSnippets::test_skips_tool_call_only_assistant PASSED [  1%]
tests/test_1058_adaptive_title_refresh.py::TestLatestExchangeSnippets::test_truncates_long_content PASSED [  1%]
tests/test_1058_adaptive_title_refresh.py::TestLatestExchangeSnippets::test_no_assistant_message PASSED [  1%]
tests/test_1058_adaptive_title_refresh.py::TestLatestExchangeSnippets::test_no_user_message PASSED [  1%]
tests/test_1058_adaptive_title_refresh.py::TestLatestExchangeSnippets::test_ignores_non_dict_entries PASSED [  1%]
tests/test_1058_adaptive_title_refresh.py::TestGetTitleRefreshInterval::test_returns_int_for_valid_setting PASSED [  1%]
tests/test_1058_adaptive_title_refresh.py::TestGetTitleRefreshInterval::test_returns_zero_for_off_setting PASSED [  1%]
tests/test_1058_adaptive_title_refresh.py::TestGetTitleRefreshInterval::test_returns_zero_when_key_absent PASSED [  1%]
tests/test_1058_adaptive_title_refresh.py::TestGetTitleRefreshInterval::test_returns_zero_on_exception PASSED [  1%]
tests/test_1058_adaptive_title_refresh.py::TestGetTitleRefreshInterval::test_valid_values_10_and_20 PASSED [  1%]
tests/test_1058_adaptive_title_refresh.py::TestRunBackgroundTitleRefresh::test_skips_when_title_changed_before_call PASSED [  1%]
tests/test_1058_adaptive_title_refresh.py::TestRunBackgroundTitleRefresh::test_skips_if_session_not_found PASSED [  1%]
tests/test_1058_adaptive_title_refresh.py::TestRunBackgroundTitleRefresh::test_skips_when_title_is_untitled PASSED [  1%]
tests/test_1058_adaptive_title_refresh.py::TestRunBackgroundTitleRefresh::test_skips_same_title PASSED [  1%]
tests/test_1058_adaptive_title_refresh.py::TestRunBackgroundTitleRefresh::test_emits_title_event_on_new_title PASSED [  1%]
tests/test_1058_adaptive_title_refresh.py::TestRunBackgroundTitleRefresh::test_saves_refreshed_title_outside_global_lock PASSED [  1%]
tests/test_1058_adaptive_title_refresh.py::TestRunBackgroundTitleRefresh::test_exceptions_are_silently_swallowed PASSED [  1%]
tests/test_1058_adaptive_title_refresh.py::TestMaybeScheduleTitleRefresh::test_does_nothing_when_disabled PASSED [  1%]
tests/test_1058_adaptive_title_refresh.py::TestMaybeScheduleTitleRefresh::test_does_nothing_when_title_is_empty PASSED [  1%]
tests/test_1058_adaptive_title_refresh.py::TestMaybeScheduleTitleRefresh::test_does_nothing_for_untitled PASSED [  1%]
tests/test_1058_adaptive_title_refresh.py::TestMaybeScheduleTitleRefresh::test_does_nothing_when_title_not_llm_generated PASSED [  1%]
tests/test_1058_adaptive_title_refresh.py::TestMaybeScheduleTitleRefresh::test_does_nothing_when_exchange_count_not_at_interval PASSED [  1%]
tests/test_1058_adaptive_title_refresh.py::TestMaybeScheduleTitleRefresh::test_spawns_thread_at_exact_interval PASSED [  1%]
tests/test_1058_adaptive_title_refresh.py::TestMaybeScheduleTitleRefresh::test_spawns_thread_at_multiple_of_interval PASSED [  1%]
tests/test_1058_adaptive_title_refresh.py::TestMaybeScheduleTitleRefresh::test_does_nothing_when_no_exchange_content PASSED [  1%]
tests/test_1059_settings_picker_active_state.py::TestSettingsPickerActiveState::test_theme_picker_uses_active_class PASSED [  1%]
tests/test_1059_settings_picker_active_state.py::TestSettingsPickerActiveState::test_font_size_picker_uses_active_class PASSED [  1%]
tests/test_1059_settings_picker_active_state.py::TestSettingsPickerActiveState::test_skin_picker_uses_active_class PASSED [  1%]
tests/test_1059_settings_picker_active_state.py::TestSettingsPickerActiveState::test_css_active_rule_beats_base_rule PASSED [  1%]
tests/test_1059_settings_picker_active_state.py::TestSettingsPickerActiveState::test_active_rule_uses_accent_color PASSED [  1%]
tests/test_1062_busy_input_modes.py::TestBusyInputModeSetting::test_default_is_queue PASSED [  1%]
tests/test_1062_busy_input_modes.py::TestBusyInputModeSetting::test_enum_validator_present PASSED [  1%]
tests/test_1062_busy_input_modes.py::TestSlashCommandRegistration::test_queue_command_registered PASSED [  1%]
tests/test_1062_busy_input_modes.py::TestSlashCommandRegistration::test_interrupt_command_registered PASSED [  1%]
tests/test_1062_busy_input_modes.py::TestSlashCommandRegistration::test_steer_command_registered PASSED [  1%]
tests/test_1062_busy_input_modes.py::TestSlashCommandRegistration::test_all_three_busy_commands_are_no_echo PASSED [  1%]
tests/test_1062_busy_input_modes.py::TestSlashCommandHandlers::test_cmd_queue_handles_idle_state PASSED [  1%]
tests/test_1062_busy_input_modes.py::TestSlashCommandHandlers::test_cmd_interrupt_calls_cancel_stream PASSED [  1%]
tests/test_1062_busy_input_modes.py::TestSlashCommandHandlers::test_cmd_steer_delegates_to_try_steer PASSED [  1%]
tests/test_1062_busy_input_modes.py::TestSlashCommandHandlers::test_slash_commands_clear_pending_files PASSED [  1%]
tests/test_1062_busy_input_modes.py::TestBusySendButton::test_update_send_btn_uses_single_primary_action_button PASSED [  1%]
tests/test_1062_busy_input_modes.py::TestBusySendButton::test_composer_primary_action_accounts_for_all_busy_input_modes PASSED [  1%]
tests/test_1062_busy_input_modes.py::TestBusySendButton::test_explicit_busy_commands_override_button_visual_action PASSED [  1%]
tests/test_1062_busy_input_modes.py::TestBusySendButton::test_send_button_click_uses_primary_action_handler PASSED [  1%]
tests/test_1062_busy_input_modes.py::TestSendBusyBranchDispatch::test_send_reads_busy_input_mode PASSED [  1%]
tests/test_1062_busy_input_modes.py::TestSendBusyBranchDispatch::test_send_calls_cancel_stream_on_interrupt PASSED [  1%]
tests/test_1062_busy_input_modes.py::TestSendBusyBranchDispatch::test_slash_commands_intercepted_before_busymode_routing PASSED [  2%]
tests/test_1062_busy_input_modes.py::TestSendBusyBranchDispatch::test_steer_intercept_calls_handler_directly PASSED [  2%]
tests/test_1062_busy_input_modes.py::TestSendBusyBranchDispatch::test_steer_intercept_clears_input_before_await PASSED [  2%]
tests/test_1062_busy_input_modes.py::TestBootAndPanelsWiring::test_boot_init_default_path PASSED [  2%]
tests/test_1062_busy_input_modes.py::TestBootAndPanelsWiring::test_boot_init_fallback_path PASSED [  2%]
tests/test_1062_busy_input_modes.py::TestBootAndPanelsWiring::test_panels_load_save_apply PASSED [  2%]
tests/test_1062_busy_input_modes.py::TestBootAndPanelsWiring::test_index_html_dropdown_has_three_options PASSED [  2%]
tests/test_1062_busy_input_modes.py::TestI18nKeys::test_each_key_appears_at_least_six_times PASSED [  2%]
tests/test_1062_busy_input_modes.py::TestI18nKeys::test_key_count_total PASSED [  2%]
tests/test_1079_cron_session_project.py::test_ensure_cron_project_creates_project PASSED [  2%]
tests/test_1079_cron_session_project.py::test_ensure_cron_project_idempotent PASSED [  2%]
tests/test_1079_cron_session_project.py::test_is_cron_session PASSED     [  2%]
tests/test_1079_cron_session_project.py::test_cron_jobs_project_i18n_key_exists PASSED [  2%]
tests/test_1079_cron_session_project.py::test_cron_session_gets_project_id_in_cli_list PASSED [  2%]
tests/test_1325_user_fenced_code.py::TestUserFencedBlocks::test_simple_fenced_block PASSED [  2%]
tests/test_1325_user_fenced_code.py::TestUserFencedBlocks::test_fenced_block_escaped_html PASSED [  2%]
tests/test_1325_user_fenced_code.py::TestUserFencedBlocks::test_plain_text_not_interpreted_as_markdown PASSED [  2%]
tests/test_1325_user_fenced_code.py::TestUserFencedBlocks::test_language_header_shown PASSED [  2%]
tests/test_1325_user_fenced_code.py::TestUserFencedBlocks::test_no_language_no_header PASSED [  2%]
tests/test_1325_user_fenced_code.py::TestUserFencedBlocks::test_diff_block_colored PASSED [  2%]
tests/test_1325_user_fenced_code.py::TestUserFencedBlocks::test_multiple_fenced_blocks PASSED [  2%]
tests/test_1325_user_fenced_code.py::TestUserFencedBlocks::test_fenced_block_with_ampersand PASSED [  2%]
tests/test_1325_user_fenced_code.py::TestUserFencedBlocks::test_empty_code_block PASSED [  2%]
tests/test_1325_user_fenced_code.py::TestUserFencedBlocks::test_special_chars_outside_blocks_escaped PASSED [  2%]
tests/test_1325_user_fenced_code.py::TestUserFencedBlocks::test_links_not_rendered_in_plain_text PASSED [  2%]
tests/test_1325_user_fenced_code.py::TestUserFencedBlocks::test_four_backtick_outer_fence_preserves_inner_triple_fence PASSED [  2%]
tests/test_1325_user_fenced_code.py::TestUserFencedBlocks::test_inline_backticks_not_touched PASSED [  2%]
tests/test_1432_newchat_and_1423_profile_input.py::TestIssue1432NewChatGuardInFlight::test_btnNewChat_handler_checks_in_flight_state PASSED [  2%]
tests/test_1432_newchat_and_1423_profile_input.py::TestIssue1432NewChatGuardInFlight::test_cmdK_handler_checks_in_flight_state PASSED [  2%]
tests/test_1432_newchat_and_1423_profile_input.py::TestIssue1432NewChatGuardInFlight::test_in_flight_signal_matches_restoreSettledSession PASSED [  2%]
tests/test_1432_newchat_and_1423_profile_input.py::TestIssue1423ProfileFormAutocapitalize::test_profile_name_has_autocapitalize_none PASSED [  2%]
tests/test_1432_newchat_and_1423_profile_input.py::TestIssue1423ProfileFormAutocapitalize::test_profile_name_has_spellcheck_false PASSED [  2%]
tests/test_1432_newchat_and_1423_profile_input.py::TestIssue1423ProfileFormAutocapitalize::test_profile_name_has_autocorrect_off PASSED [  2%]
tests/test_1432_newchat_and_1423_profile_input.py::TestIssue1423ProfileFormAutocapitalize::test_profile_name_keeps_required PASSED [  2%]
tests/test_1432_newchat_and_1423_profile_input.py::TestIssue1423ProfileFormAutocapitalize::test_profile_baseurl_has_autocapitalize_none PASSED [  2%]
tests/test_1466_bfcache_inflight_reattach.py::test_pageshow_restores_active_inflight_session_through_load_session PASSED [  2%]
tests/test_1466_bfcache_inflight_reattach.py::test_pageshow_checks_persisted_inflight_marker_after_restoring_session PASSED [  2%]
tests/test_1466_bfcache_inflight_reattach.py::test_pageshow_active_session_restore_is_guarded_and_non_blocking PASSED [  2%]
tests/test_1466_sidebar_cancel_clarify.py::TestSidebarCancelAction::test_running_sidebar_sessions_get_stop_action PASSED [  2%]
tests/test_1466_sidebar_cancel_clarify.py::TestSidebarCancelAction::test_cancel_session_stream_uses_session_owned_stream_id PASSED [  2%]
tests/test_1466_sidebar_cancel_clarify.py::TestSidebarCancelAction::test_cancel_session_stream_clears_only_owned_clarify_and_approval_cards PASSED [  2%]
tests/test_1466_sidebar_cancel_clarify.py::TestSidebarCancelAction::test_cli_session_helper_identifies_cli_origin PASSED [  2%]
tests/test_1466_sidebar_cancel_clarify.py::TestSidebarCancelAction::test_cli_sessions_hide_duplicate_and_delete_in_action_menu PASSED [  2%]
tests/test_1560_password_env_var_no_op.py::test_get_settings_exposes_password_env_var_true_when_env_set PASSED [  2%]
tests/test_1560_password_env_var_no_op.py::test_get_settings_password_env_var_false_when_env_unset PASSED [  2%]
tests/test_1560_password_env_var_no_op.py::test_get_settings_password_env_var_false_when_env_blank PASSED [  2%]
tests/test_1560_password_env_var_no_op.py::test_post_set_password_returns_409_when_env_var_set PASSED [  2%]
tests/test_1560_password_env_var_no_op.py::test_post_clear_password_returns_409_when_env_var_set PASSED [  2%]
tests/test_1560_password_env_var_no_op.py::test_post_set_password_settings_hash_unchanged_after_409 PASSED [  2%]
tests/test_1560_password_env_var_no_op.py::test_post_set_password_succeeds_when_env_var_unset PASSED [  3%]
tests/test_1560_password_env_var_no_op.py::test_index_html_has_password_lock_banner_div PASSED [  3%]
tests/test_1560_password_env_var_no_op.py::test_panels_js_disables_password_field_when_env_locked PASSED [  3%]
tests/test_1560_password_env_var_no_op.py::test_panels_js_hides_disable_auth_when_env_locked PASSED [  3%]
tests/test_1560_password_env_var_no_op.py::test_panels_js_uses_locked_placeholder_i18n_key PASSED [  3%]
tests/test_1560_password_env_var_no_op.py::test_password_env_var_locked_key_present_in_all_locales PASSED [  3%]
tests/test_1560_password_env_var_no_op.py::test_password_env_var_locked_placeholder_key_present_in_all_locales PASSED [  3%]
tests/test_1620_paste_text_with_image.py::TestPasteHandlerTextWithImage::test_handler_detects_text_in_clipboard PASSED [  3%]
tests/test_1620_paste_text_with_image.py::TestPasteHandlerTextWithImage::test_image_filter_requires_kind_file PASSED [  3%]
tests/test_1620_paste_text_with_image.py::TestPasteHandlerTextWithImage::test_handler_skips_attach_when_text_present PASSED [  3%]
tests/test_1620_paste_text_with_image.py::TestPasteHandlerTextWithImage::test_handler_still_intercepts_pure_screenshot_paste PASSED [  3%]
tests/test_1620_paste_text_with_image.py::TestPasteHandlerTextWithImage::test_handler_does_not_use_loose_image_check PASSED [  3%]
tests/test_1620_paste_text_with_image.py::TestPasteHandlerTextWithImage::test_handler_does_not_lose_status_message PASSED [  3%]
tests/test_1694_prompt_ownership.py::test_stream_prompt_events_use_session_owned_show_helpers PASSED [  3%]
tests/test_1694_prompt_ownership.py::test_approval_card_render_is_gated_to_active_session_and_cached PASSED [  3%]
tests/test_1694_prompt_ownership.py::test_clarify_card_render_is_gated_to_active_session_and_cached PASSED [  3%]
tests/test_1694_prompt_ownership.py::test_polling_empty_state_clears_only_the_owner_prompt PASSED [  3%]
tests/test_1694_prompt_ownership.py::test_load_session_rerenders_cached_prompt_for_new_active_session PASSED [  3%]
tests/test_1694_prompt_ownership.py::test_prompt_rerender_hides_previous_session_cards_without_clearing_cache PASSED [  3%]
tests/test_1694_root_saved_running_policy.py::test_root_boot_distinguishes_url_session_from_localstorage_saved_session PASSED [  3%]
tests/test_1694_root_saved_running_policy.py::test_root_saved_running_session_is_checked_before_load_session_projection PASSED [  3%]
tests/test_1694_root_saved_running_policy.py::test_saved_running_session_helper_uses_metadata_only_and_runtime_markers PASSED [  3%]
tests/test_1694_root_saved_running_policy.py::test_root_saved_running_sidebar_only_path_renders_empty_state_and_sidebar PASSED [  3%]
tests/test_1694_terminal_cleanup_ownership.py::test_terminal_handlers_use_session_owned_cleanup_helpers PASSED [  3%]
tests/test_1694_terminal_cleanup_ownership.py::test_done_event_does_not_clear_active_pane_for_background_session PASSED [  3%]
tests/test_1694_terminal_cleanup_ownership.py::test_error_and_cancel_events_do_not_blanket_stop_active_pane_polling PASSED [  3%]
tests/test_1694_terminal_cleanup_ownership.py::test_reconnect_settled_and_error_paths_keep_cleanup_session_scoped PASSED [  3%]
tests/test_1695_aiagent_import_error_detail.py::TestAIAgentImportErrorDetail::test_preserves_original_message_for_log_scrapers PASSED [  3%]
tests/test_1695_aiagent_import_error_detail.py::TestAIAgentImportErrorDetail::test_includes_running_python_interpreter PASSED [  3%]
tests/test_1695_aiagent_import_error_detail.py::TestAIAgentImportErrorDetail::test_shows_agent_dir_env_when_set PASSED [  3%]
tests/test_1695_aiagent_import_error_detail.py::TestAIAgentImportErrorDetail::test_shows_agent_dir_env_unset_marker PASSED [  3%]
tests/test_1695_aiagent_import_error_detail.py::TestAIAgentImportErrorDetail::test_includes_pip_install_editable_hint PASSED [  3%]
tests/test_1695_aiagent_import_error_detail.py::TestAIAgentImportErrorDetail::test_points_at_troubleshooting_doc PASSED [  3%]
tests/test_1695_aiagent_import_error_detail.py::TestAIAgentImportErrorDetail::test_lists_sys_path_entries_when_relevant PASSED [  3%]
tests/test_1695_aiagent_import_error_detail.py::TestAIAgentImportErrorDetail::test_handles_no_relevant_sys_path_entries PASSED [  3%]
tests/test_1695_aiagent_import_error_detail.py::TestAIAgentImportErrorDetail::test_output_is_multiline_string PASSED [  3%]
tests/test_1695_aiagent_import_error_detail.py::TestAIAgentImportErrorDocsPresence::test_troubleshooting_md_exists PASSED [  3%]
tests/test_1695_aiagent_import_error_detail.py::TestAIAgentImportErrorDocsPresence::test_troubleshooting_md_has_aiagent_section PASSED [  3%]
tests/test_1695_aiagent_import_error_detail.py::TestAIAgentImportErrorDocsPresence::test_troubleshooting_md_includes_pip_install_editable PASSED [  3%]
tests/test_1695_aiagent_import_error_detail.py::TestAIAgentImportErrorDocsPresence::test_troubleshooting_md_describes_diagnostic_steps PASSED [  3%]
tests/test_1707_workspace_filename_click.py::TestNameClickHandlerShape::test_nameel_onclick_no_longer_pure_stoppropagation PASSED [  3%]
tests/test_1707_workspace_filename_click.py::TestNameClickHandlerShape::test_nameel_onclick_uses_settimeout_debounce PASSED [  3%]
tests/test_1707_workspace_filename_click.py::TestNameClickHandlerShape::test_nameel_onclick_delegates_to_row_handler PASSED [  3%]
tests/test_1707_workspace_filename_click.py::TestNameClickHandlerShape::test_nameel_ondblclick_cancels_pending_timer PASSED [  3%]
tests/test_1707_workspace_filename_click.py::TestNameClickHandlerShape::test_row_handlers_still_present PASSED [  3%]
tests/test_1707_workspace_filename_click.py::TestNameClickHandlerShape::test_handler_does_not_call_openfile_directly PASSED [  3%]
tests/test_1707_workspace_filename_click.py::TestNameClickBehavior::test_single_click_opens_file_after_debounce PASSED [  3%]
tests/test_1707_workspace_filename_click.py::TestNameClickBehavior::test_single_click_toggles_dir_after_debounce PASSED [  3%]
tests/test_1707_workspace_filename_click.py::TestNameClickBehavior::test_dblclick_cancels_pending_open_and_mounts_rename PASSED [  4%]
tests/test_1710_folder_tooltip.py::TestFolderTooltipGated::test_tooltip_assignment_is_guarded_by_item_type PASSED [  4%]
tests/test_1710_folder_tooltip.py::TestFolderTooltipGated::test_dir_dblclick_still_navigates_not_renames PASSED [  4%]
tests/test_1710_folder_tooltip.py::TestFolderTooltipGated::test_files_still_get_tooltip PASSED [  4%]
tests/test_1710_folder_tooltip.py::TestFolderTooltipGated::test_i18n_key_still_defined_in_all_locales PASSED [  4%]
tests/test_1764_context_menu_essentials.py::TestCopyFilePathMenuItem::test_menu_item_present PASSED [  4%]
tests/test_1764_context_menu_essentials.py::TestCopyFilePathMenuItem::test_menu_item_has_clipboard_fallback PASSED [  4%]
tests/test_1764_context_menu_essentials.py::TestCopyFilePathMenuItem::test_menu_item_uses_path_copied_translation PASSED [  4%]
tests/test_1764_context_menu_essentials.py::TestCopyFilePathMenuItem::test_endpoint_handler_present PASSED [  4%]
tests/test_1764_context_menu_essentials.py::TestCopyFilePathMenuItem::test_endpoint_handler_does_not_require_existence PASSED [  4%]
tests/test_1764_context_menu_essentials.py::TestSessionRenameMenuItem::test_rename_action_in_menu PASSED [  4%]
tests/test_1764_context_menu_essentials.py::TestSessionRenameMenuItem::test_rename_dispatches_to_row_closure PASSED [  4%]
tests/test_1764_context_menu_essentials.py::TestSessionRenameMenuItem::test_row_exposes_start_rename PASSED [  4%]
tests/test_1764_context_menu_essentials.py::TestSessionRenameMenuItem::test_rename_appears_before_pin PASSED [  4%]
tests/test_1764_context_menu_essentials.py::TestSessionRenameMenuItem::test_rename_translation_keys_present PASSED [  4%]
tests/test_1764_context_menu_essentials.py::TestRevealFailedTostIncludesPath::test_handler_includes_target_in_404_message PASSED [  4%]
tests/test_1764_context_menu_essentials.py::TestRevealFailedTostIncludesPath::test_existing_translation_key_unchanged PASSED [  4%]
tests/test_1764_context_menu_essentials.py::TestRevealFailedTostIncludesPath::test_reveal_call_site_uses_message_or_err PASSED [  4%]
tests/test_1764_context_menu_essentials.py::TestFilePathEndpointBehaviour::test_returns_absolute_path_for_relative_input FAILED [  4%]
tests/test_1764_context_menu_essentials.py::TestFilePathEndpointBehaviour::test_does_not_404_on_missing_file PASSED [  4%]
tests/test_1764_context_menu_essentials.py::TestFilePathEndpointBehaviour::test_rejects_path_traversal PASSED [  4%]
tests/test_1764_context_menu_essentials.py::TestFilePathEndpointBehaviour::test_missing_session_id_returns_400 PASSED [  4%]
tests/test_1764_context_menu_essentials.py::TestFilePathEndpointBehaviour::test_unknown_session_returns_404 PASSED [  4%]
tests/test_1764_context_menu_essentials.py::TestRevealHandlerErrorIncludesPath::test_404_message_contains_resolved_path PASSED [  4%]
tests/test_465_session_branching.py::test_branch_endpoint_exists PASSED  [  4%]
tests/test_465_session_branching.py::test_branch_endpoint_validates_session_id PASSED [  4%]
tests/test_465_session_branching.py::test_branch_endpoint_returns_new_session_id PASSED [  4%]
tests/test_465_session_branching.py::test_branch_creates_session_with_parent PASSED [  4%]
tests/test_465_session_branching.py::test_branch_keep_count_support PASSED [  4%]
tests/test_465_session_branching.py::test_branch_auto_title PASSED       [  4%]
tests/test_465_session_branching.py::test_session_model_parent_session_id PASSED [  4%]
tests/test_465_session_branching.py::test_session_compact_includes_parent PASSED [  4%]
tests/test_465_session_branching.py::test_session_metadata_fields_includes_parent PASSED [  4%]
tests/test_465_session_branching.py::test_branch_slash_command_registered PASSED [  4%]
tests/test_465_session_branching.py::test_cmdBranch_function_exists PASSED [  4%]
tests/test_465_session_branching.py::test_cmdBranch_calls_branch_endpoint PASSED [  4%]
tests/test_465_session_branching.py::test_cmdBranch_switches_session PASSED [  4%]
tests/test_465_session_branching.py::test_forkFromMessage_function_exists PASSED [  4%]
tests/test_465_session_branching.py::test_forkFromMessage_passes_keep_count PASSED [  4%]
tests/test_465_session_branching.py::test_fork_button_rendered_in_ui PASSED [  4%]
tests/test_465_session_branching.py::test_fork_button_in_message_actions PASSED [  4%]
tests/test_465_session_branching.py::test_sidebar_parent_indicator PASSED [  4%]
tests/test_465_session_branching.py::test_parent_indicator_not_clickable PASSED [  4%]
tests/test_465_session_branching.py::test_parent_indicator_tooltip_uses_parent_title_fallback PASSED [  4%]
tests/test_465_session_branching.py::test_parent_indicator_hover_only_style PASSED [  4%]
tests/test_465_session_branching.py::test_i18n_branch_keys PASSED        [  4%]
tests/test_465_session_branching.py::test_git_branch_icon_exists PASSED  [  4%]
tests/test_499_tts_playback.py::TestTtsUtilityFunctions::test_strip_for_tts_exists PASSED [  4%]
tests/test_499_tts_playback.py::TestTtsUtilityFunctions::test_speak_message_exists PASSED [  5%]
tests/test_499_tts_playback.py::TestTtsUtilityFunctions::test_stop_tts_exists PASSED [  5%]
tests/test_499_tts_playback.py::TestTtsUtilityFunctions::test_auto_read_exists PASSED [  5%]
tests/test_499_tts_playback.py::TestTtsUtilityFunctions::test_strip_code_blocks PASSED [  5%]
tests/test_499_tts_playback.py::TestTtsUtilityFunctions::test_strip_media_paths PASSED [  5%]
tests/test_499_tts_playback.py::TestTtsUtilityFunctions::test_uses_speech_synthesis PASSED [  5%]
tests/test_499_tts_playback.py::TestTtsSpeakerButton::test_tts_button_rendered PASSED [  5%]
tests/test_499_tts_playback.py::TestTtsSpeakerButton::test_tts_button_not_on_user_messages PASSED [  5%]
tests/test_499_tts_playback.py::TestTtsSpeakerButton::test_tts_button_in_footer PASSED [  5%]
tests/test_499_tts_playback.py::TestTtsSpeakerButton::test_tts_button_uses_volume_icon PASSED [  5%]
tests/test_499_tts_playback.py::TestTtsSettings::test_tts_enabled_checkbox PASSED [  5%]
tests/test_499_tts_playback.py::TestTtsSettings::test_tts_auto_read_checkbox PASSED [  5%]
tests/test_499_tts_playback.py::TestTtsSettings::test_tts_voice_selector PASSED [  5%]
tests/test_499_tts_playback.py::TestTtsSettings::test_tts_rate_slider PASSED [  5%]
tests/test_499_tts_playback.py::TestTtsSettings::test_tts_pitch_slider PASSED [  5%]
tests/test_499_tts_playback.py::TestTtsSettings::test_tts_settings_wired_in_panels PASSED [  5%]
tests/test_499_tts_playback.py::TestTtsSettings::test_apply_tts_enabled_function PASSED [  5%]
tests/test_499_tts_playback.py::TestTtsI18n::test_tts_listen_key PASSED  [  5%]
tests/test_499_tts_playback.py::TestTtsI18n::test_tts_not_supported_key PASSED [  5%]
tests/test_499_tts_playback.py::TestTtsI18n::test_tts_settings_keys PASSED [  5%]
tests/test_499_tts_playback.py::TestTtsAutoRead::test_auto_read_called_in_messages PASSED [  5%]
tests/test_499_tts_playback.py::TestTtsAutoRead::test_tts_pause_on_composer_focus PASSED [  5%]
tests/test_499_tts_playback.py::TestTtsBoot::test_apply_tts_on_boot PASSED [  5%]
tests/test_499_tts_playback.py::TestTtsStyles::test_tts_button_hidden_default PASSED [  5%]
tests/test_499_tts_playback.py::TestTtsStyles::test_tts_pulse_animation PASSED [  5%]
tests/test_499_tts_playback.py::TestIssue1409TtsToggleBodyClass::test_apply_tts_enabled_uses_body_class PASSED [  5%]
tests/test_499_tts_playback.py::TestIssue1409TtsToggleBodyClass::test_apply_tts_enabled_does_not_use_inline_display PASSED [  5%]
tests/test_499_tts_playback.py::TestIssue1409TtsToggleBodyClass::test_body_class_selector_in_css PASSED [  5%]
tests/test_732_gateway_routing_metadata.py::test_gateway_routing_metadata_is_safely_normalized_from_response_metadata PASSED [  5%]
tests/test_732_gateway_routing_metadata.py::test_gateway_routing_metadata_absent_returns_none_without_placeholder_noise PASSED [  5%]
tests/test_732_gateway_routing_metadata.py::test_session_persists_latest_gateway_routing_and_history_across_reload PASSED [  5%]
tests/test_732_gateway_routing_metadata.py::test_streaming_captures_gateway_metadata_into_usage_payload_and_assistant_turn PASSED [  5%]
tests/test_732_gateway_routing_metadata.py::test_frontend_copies_and_formats_gateway_metadata_without_absent_noise PASSED [  5%]
tests/test_745_code_block_newlines.py::TestCodeBlockNewlinePreservation::test_pre_stash_present PASSED [  5%]
tests/test_745_code_block_newlines.py::TestCodeBlockNewlinePreservation::test_pre_stash_token_E_used PASSED [  5%]
tests/test_745_code_block_newlines.py::TestCodeBlockNewlinePreservation::test_stash_before_paragraph_split PASSED [  5%]
tests/test_745_code_block_newlines.py::TestCodeBlockNewlinePreservation::test_restore_after_paragraph_split PASSED [  5%]
tests/test_745_code_block_newlines.py::TestCodeBlockNewlinePreservation::test_paragraph_split_bypasses_stash_tokens PASSED [  5%]
tests/test_745_code_block_newlines.py::TestCodeBlockNewlinePreservation::test_pre_regex_covers_pre_header_div PASSED [  5%]
tests/test_745_code_block_newlines.py::TestCodeBlockNewlinePreservation::test_mermaid_covered_by_stash PASSED [  5%]
tests/test_745_code_block_newlines.py::TestCodeBlockNewlinePreservation::test_katex_covered_by_stash PASSED [  5%]
tests/test_745_code_block_newlines.py::TestCodeBlockNewlinePreservation::test_js_syntax_valid PASSED [  5%]
tests/test_745_code_block_newlines.py::TestCodeBlockNewlinePreservation::test_stash_token_e_not_used_elsewhere PASSED [  5%]
tests/test_779_html_preview.py::test_inline_preview_param_in_file_raw PASSED [  5%]
tests/test_779_html_preview.py::test_iframe_uses_inline_param PASSED     [  5%]
tests/test_779_html_preview.py::test_html_preview_iframe_exists_in_html PASSED [  5%]
tests/test_779_html_preview.py::test_html_exts_defined_in_workspace_js PASSED [  5%]
tests/test_779_html_preview.py::test_sandbox_allows_scripts_only PASSED  [  5%]
tests/test_779_html_preview.py::test_mime_map_includes_html_and_htm PASSED [  5%]
tests/test_779_html_preview.py::test_inline_html_response_sets_csp_sandbox PASSED [  6%]
tests/test_886_ordered_list_numbering.py::TestOrderedListNumbering::test_li_value_attr_present_in_ordered_list_block PASSED [  6%]
tests/test_886_ordered_list_numbering.py::TestOrderedListNumbering::test_li_value_uses_parsed_number PASSED [  6%]
tests/test_886_ordered_list_numbering.py::TestOrderedListNumbering::test_numMatch_variable_present PASSED [  6%]
tests/test_886_ordered_list_numbering.py::TestOrderedListNumbering::test_valAttr_or_value_template_present PASSED [  6%]
tests/test_886_ordered_list_numbering.py::TestOrderedListNumbering::test_ordered_list_comment_references_issue PASSED [  6%]
tests/test_886_ordered_list_numbering.py::TestOrderedListNumbering::test_list_without_blank_lines_unaffected PASSED [  6%]
tests/test_app_titlebar_restore.py::test_app_titlebar_no_longer_contains_tps_chip PASSED [  6%]
tests/test_app_titlebar_restore.py::test_app_titlebar_returns_to_centered_desktop_layout PASSED [  6%]
tests/test_app_titlebar_restore.py::test_app_titlebar_subtitle_shows_message_count_again PASSED [  6%]
tests/test_app_titlebar_restore.py::test_queue_updates_do_not_hijack_app_titlebar_subtitle PASSED [  6%]
tests/test_approval_card_layering.py::test_approval_card_visible_outranks_queue_card PASSED [  6%]
tests/test_approval_card_layering.py::test_approval_card_visible_outranks_terminal_card PASSED [  6%]
tests/test_approval_queue.py::test_submit_pending_appends_to_list PASSED [  6%]
tests/test_approval_queue.py::test_submit_pending_adds_approval_id PASSED [  6%]
tests/test_approval_queue.py::test_handle_approval_pending_returns_count PASSED [  6%]
tests/test_approval_queue.py::test_handle_approval_respond_pops_by_approval_id PASSED [  6%]
tests/test_approval_queue.py::test_handle_approval_respond_fallback_to_oldest PASSED [  6%]
tests/test_approval_queue.py::test_backward_compat_legacy_dict_value PASSED [  6%]
tests/test_approval_queue.py::test_respond_sends_approval_id PASSED      [  6%]
tests/test_approval_queue.py::test_show_approval_card_accepts_count PASSED [  6%]
tests/test_approval_queue.py::test_show_approval_card_renders_counter PASSED [  6%]
tests/test_approval_queue.py::test_approval_current_id_tracked PASSED    [  6%]
tests/test_approval_queue.py::test_polling_passes_count_to_show PASSED   [  6%]
tests/test_approval_queue.py::test_approval_counter_element_exists PASSED [  6%]
tests/test_approval_queue.py::test_multiple_approvals_both_surfaced PASSED [  6%]
tests/test_approval_queue.py::test_respond_by_approval_id_pops_correct_entry PASSED [  6%]
tests/test_approval_sse.py::TestSSEStaticAnalysis::test_sse_route_registered PASSED [  6%]
tests/test_approval_sse.py::TestSSEStaticAnalysis::test_sse_handler_function_exists PASSED [  6%]
tests/test_approval_sse.py::TestSSEStaticAnalysis::test_subscribe_function_exists PASSED [  6%]
tests/test_approval_sse.py::TestSSEStaticAnalysis::test_unsubscribe_function_exists PASSED [  6%]
tests/test_approval_sse.py::TestSSEStaticAnalysis::test_notify_function_exists PASSED [  6%]
tests/test_approval_sse.py::TestSSEStaticAnalysis::test_sse_subscribers_dict_exists PASSED [  6%]
tests/test_approval_sse.py::TestSSEStaticAnalysis::test_sse_content_type PASSED [  6%]
tests/test_approval_sse.py::TestSSEStaticAnalysis::test_sse_keepalive PASSED [  6%]
tests/test_approval_sse.py::TestSSEStaticAnalysis::test_sse_cache_control PASSED [  6%]
tests/test_approval_sse.py::TestSSEStaticAnalysis::test_sse_initial_snapshot PASSED [  6%]
tests/test_approval_sse.py::TestSSEStaticAnalysis::test_sse_approval_event PASSED [  6%]
tests/test_approval_sse.py::TestSSEStaticAnalysis::test_notify_called_from_submit_pending PASSED [  6%]
tests/test_approval_sse.py::TestSSEStaticAnalysis::test_unsubscribe_in_finally PASSED [  6%]
tests/test_approval_sse.py::TestSSEStaticAnalysis::test_client_disconnect_handled PASSED [  6%]
tests/test_approval_sse.py::TestSSEStaticAnalysis::test_subscriber_queue_maxsize PASSED [  6%]
tests/test_approval_sse.py::TestSSEStaticAnalysis::test_notify_drops_on_full PASSED [  6%]
tests/test_approval_sse.py::TestSSEStaticAnalysis::test_subscribe_uses_shared_lock PASSED [  6%]
tests/test_approval_sse.py::TestSSEStaticAnalysis::test_unsubscribe_cleans_empty_session PASSED [  6%]
tests/test_approval_sse.py::TestFrontendSSEImplementation::test_eventsource_used PASSED [  6%]
tests/test_approval_sse.py::TestFrontendSSEImplementation::test_sse_url_matches_backend PASSED [  6%]
tests/test_approval_sse.py::TestFrontendSSEImplementation::test_initial_event_listener PASSED [  6%]
tests/test_approval_sse.py::TestFrontendSSEImplementation::test_approval_event_listener PASSED [  7%]
tests/test_approval_sse.py::TestFrontendSSEImplementation::test_onerror_fallback_to_polling PASSED [  7%]
tests/test_approval_sse.py::TestFrontendSSEImplementation::test_fallback_poll_interval PASSED [  7%]
tests/test_approval_sse.py::TestFrontendSSEImplementation::test_fallback_closes_eventsource PASSED [  7%]
tests/test_approval_sse.py::TestFrontendSSEImplementation::test_stop_closes_eventsource PASSED [  7%]
tests/test_approval_sse.py::TestFrontendSSEImplementation::test_health_timer_cleanup PASSED [  7%]
tests/test_approval_sse.py::TestSSESubscribeUnsubscribe::test_subscribe_returns_queue PASSED [  7%]
tests/test_approval_sse.py::TestSSESubscribeUnsubscribe::test_subscribe_registers_subscriber PASSED [  7%]
tests/test_approval_sse.py::TestSSESubscribeUnsubscribe::test_unsubscribe_removes_queue PASSED [  7%]
tests/test_approval_sse.py::TestSSESubscribeUnsubscribe::test_unsubscribe_removes_empty_session_key PASSED [  7%]
tests/test_approval_sse.py::TestSSESubscribeUnsubscribe::test_unsubscribe_idempotent PASSED [  7%]
tests/test_approval_sse.py::TestSSESubscribeUnsubscribe::test_unsubscribe_unknown_queue_noop PASSED [  7%]
tests/test_approval_sse.py::TestSSENotify::test_notify_delivers_payload PASSED [  7%]
tests/test_approval_sse.py::TestSSENotify::test_notify_multiple_subscribers PASSED [  7%]
tests/test_approval_sse.py::TestSSENotify::test_notify_cross_session_isolation PASSED [  7%]
tests/test_approval_sse.py::TestSSENotify::test_notify_no_subscribers_is_noop PASSED [  7%]
tests/test_approval_sse.py::TestSSENotify::test_notify_drops_on_full_queue PASSED [  7%]
tests/test_approval_sse.py::TestSSENotifyFromSubmitPending::test_submit_pending_notifies_sse_subscriber PASSED [  7%]
tests/test_approval_sse.py::TestSSENotifyFromSubmitPending::test_submit_pending_delivers_count PASSED [  7%]
tests/test_approval_sse.py::TestSSEConcurrency::test_concurrent_subscribe_unsubscribe PASSED [  7%]
tests/test_approval_sse.py::TestSSEConcurrency::test_concurrent_notify_while_subscribing PASSED [  7%]
tests/test_approval_unblock.py::TestGatewayApprovalUnblocking::test_resolve_gateway_approval_sets_event PASSED [  7%]
tests/test_approval_unblock.py::TestGatewayApprovalUnblocking::test_resolve_gateway_approval_deny PASSED [  7%]
tests/test_approval_unblock.py::TestGatewayApprovalUnblocking::test_resolve_gateway_approval_no_queue_is_harmless PASSED [  7%]
tests/test_approval_unblock.py::TestGatewayApprovalUnblocking::test_resolve_all_unblocks_multiple_entries PASSED [  7%]
tests/test_approval_unblock.py::TestGatewayApprovalUnblocking::test_register_and_fire_notify_cb PASSED [  7%]
tests/test_approval_unblock.py::TestGatewayApprovalUnblocking::test_unregister_clears_cb_and_signals_entries PASSED [  7%]
tests/test_approval_unblock.py::TestGatewayApprovalUnblocking::test_streaming_approval_integration PASSED [  7%]
tests/test_approval_unblock.py::TestApprovalModuleExports::test_register_gateway_notify_exported PASSED [  7%]
tests/test_approval_unblock.py::TestApprovalModuleExports::test_unregister_gateway_notify_exported PASSED [  7%]
tests/test_approval_unblock.py::TestApprovalModuleExports::test_resolve_gateway_approval_exported PASSED [  7%]
tests/test_approval_unblock.py::TestApprovalModuleExports::test_approval_entry_exported PASSED [  7%]
tests/test_approval_unblock.py::TestApprovalHTTPEndpoints::test_respond_returns_ok_no_pending PASSED [  7%]
tests/test_approval_unblock.py::TestApprovalHTTPEndpoints::test_respond_clears_injected_pending PASSED [  7%]
tests/test_approval_unblock.py::TestApprovalHTTPEndpoints::test_respond_rejects_invalid_choice PASSED [  7%]
tests/test_approval_unblock.py::TestApprovalHTTPEndpoints::test_respond_requires_session_id PASSED [  7%]
tests/test_approval_unblock.py::TestApprovalHTTPEndpoints::test_respond_session_choice_clears_pending PASSED [  7%]
tests/test_attach_ollama_env_bridge.py::test_attach_compose_passes_repo_ollama_env_into_container PASSED [  7%]
tests/test_attach_ollama_env_bridge.py::test_attach_docker_init_syncs_repo_ollama_env_into_shared_runtime PASSED [  7%]
tests/test_attach_ollama_env_bridge.py::test_attach_ollama_bridge_runs_after_fast_restart_guard PASSED [  7%]
tests/test_attach_ollama_env_bridge.py::test_env_templates_document_local_and_attach_ollama_values PASSED [  7%]
tests/test_auth_session_persistence.py::TestSessionPersistence::test_expired_sessions_pruned_on_load PASSED [  7%]
tests/test_auth_session_persistence.py::TestSessionPersistence::test_invalidated_session_does_not_survive_restart PASSED [  7%]
tests/test_auth_session_persistence.py::TestSessionPersistence::test_malformed_sessions_file_starts_fresh PASSED [  7%]
tests/test_auth_session_persistence.py::TestSessionPersistence::test_session_survives_restart PASSED [  7%]
tests/test_auth_session_persistence.py::TestSessionPersistence::test_sessions_file_permissions FAILED [  7%]
tests/test_auth_session_persistence.py::TestSessionPersistence::test_sessions_file_wrong_type_starts_fresh PASSED [  7%]
tests/test_auth_sessions.py::TestSessionPruning::test_expired_session_pruned PASSED [  7%]
tests/test_auth_sessions.py::TestSessionPruning::test_prune_does_not_remove_valid_sessions PASSED [  8%]
tests/test_auth_sessions.py::TestSessionPruning::test_prune_handles_empty_dict PASSED [  8%]
tests/test_auth_sessions.py::TestSessionPruning::test_session_created_valid PASSED [  8%]
tests/test_auth_sessions.py::TestSessionPruning::test_session_ttl_is_24_hours PASSED [  8%]
tests/test_auth_sessions.py::TestSessionPruning::test_verify_session_prunes_before_verification PASSED [  8%]
tests/test_auth_sessions.py::TestSessionInvalidation::test_invalidate_session_removes_token PASSED [  8%]
tests/test_auth_sessions.py::TestSessionInvalidation::test_invalidate_unknown_token_is_safe PASSED [  8%]
tests/test_auto_compression_card.py::test_auto_compression_running_sse_uses_active_session_running_card PASSED [  8%]
tests/test_auto_compression_card.py::test_auto_compression_running_sse_is_emitted_from_agent_lifecycle_status PASSED [  8%]
tests/test_auto_compression_card.py::test_auto_compression_completion_transition_is_preserved_after_running_listener PASSED [  8%]
tests/test_auto_compression_card.py::test_auto_compression_sse_uses_transient_card_not_fake_message PASSED [  8%]
tests/test_auto_compression_card.py::test_auto_compression_sse_keeps_inactive_and_malformed_paths_safe PASSED [  8%]
tests/test_auto_compression_card.py::test_auto_compression_card_reuses_compression_card_renderer PASSED [  8%]
tests/test_auto_compression_card.py::test_auto_compression_card_survives_compression_session_rotation PASSED [  8%]
tests/test_auto_compression_card.py::test_preserved_task_list_marker_is_detected_case_insensitively PASSED [  8%]
tests/test_auto_compression_card.py::test_context_compaction_marker_is_detected_across_roles PASSED [  8%]
tests/test_auto_compression_card.py::test_context_compaction_branch_precedes_user_bubble_branch PASSED [  8%]
tests/test_auto_compression_card.py::test_preserved_task_list_skips_normal_visible_message_path PASSED [  8%]
tests/test_auto_compression_card.py::test_preserved_task_list_renders_through_compression_card_path PASSED [  8%]
tests/test_auto_compression_card.py::test_preserved_task_list_attaches_once_per_render PASSED [  8%]
tests/test_auto_compression_card.py::test_preserved_task_list_is_suppressed_when_latest_todo_state_has_no_active_items PASSED [  8%]
tests/test_auto_compression_card.py::test_preserved_task_list_rendering_does_not_mutate_history PASSED [  8%]
tests/test_background_tasks.py::TestGetResultsKeepsRunningTasks::test_complete_after_poll_still_reaches_tracker PASSED [  8%]
tests/test_background_tasks.py::TestGetResultsKeepsRunningTasks::test_done_tasks_are_returned_and_removed PASSED [  8%]
tests/test_background_tasks.py::TestGetResultsKeepsRunningTasks::test_empty_parent_is_cleaned_up PASSED [  8%]
tests/test_background_tasks.py::TestGetResultsKeepsRunningTasks::test_running_tasks_survive_get_results_call PASSED [  8%]
tests/test_background_tasks.py::TestBackgroundCompletionHookWiring::test_run_bg_and_notify_calls_complete_background PASSED [  8%]
tests/test_batch_fixes.py::TestRootWorkspaceUnblocked::test_root_not_in_blocked_system_roots PASSED [  8%]
tests/test_batch_fixes.py::TestRootWorkspaceUnblocked::test_etc_still_blocked PASSED [  8%]
tests/test_batch_fixes.py::TestRootWorkspaceUnblocked::test_split_guard_present PASSED [  8%]
tests/test_batch_fixes.py::TestCustomProvidersVisibility::test_has_custom_providers_variable_present PASSED [  8%]
tests/test_batch_fixes.py::TestCustomProvidersVisibility::test_discard_custom_conditional_on_no_custom_providers PASSED [  8%]
tests/test_batch_fixes.py::TestCustomProvidersVisibility::test_custom_providers_isinstance_check PASSED [  8%]
tests/test_batch_fixes.py::TestCronSkillCacheInvalidation::test_cache_busted_on_form_open PASSED [  8%]
tests/test_batch_fixes.py::TestCronSkillCacheInvalidation::test_cache_not_guarded_by_if_on_open PASSED [  8%]
tests/test_batch_fixes.py::TestCronSkillCacheInvalidation::test_cache_busted_on_skill_save PASSED [  8%]
tests/test_batch_fixes.py::TestSystemTheme::test_apply_theme_helper_in_boot_js PASSED [  8%]
tests/test_batch_fixes.py::TestSystemTheme::test_apply_theme_resolves_system PASSED [  8%]
tests/test_batch_fixes.py::TestSystemTheme::test_apply_theme_uses_matchmedia PASSED [  8%]
tests/test_batch_fixes.py::TestSystemTheme::test_load_settings_calls_apply_theme PASSED [  8%]
tests/test_batch_fixes.py::TestSystemTheme::test_system_option_in_theme_picker PASSED [  8%]
tests/test_batch_fixes.py::TestSystemTheme::test_theme_picker_uses_pick_theme PASSED [  8%]
tests/test_batch_fixes.py::TestSystemTheme::test_flicker_script_resolves_system PASSED [  8%]
tests/test_batch_fixes.py::TestSystemTheme::test_system_in_commands_themes_list PASSED [  8%]
tests/test_batch_fixes.py::TestSystemTheme::test_commands_uses_apply_theme PASSED [  8%]
tests/test_batch_fixes.py::TestSystemTheme::test_commands_accept_legacy_theme_aliases PASSED [  8%]
tests/test_batch_fixes.py::TestSystemTheme::test_panels_reverts_via_apply_theme PASSED [  8%]
tests/test_batch_fixes.py::TestSystemTheme::test_system_theme_apply_path_uses_apply_theme PASSED [  8%]
tests/test_batch_fixes.py::TestSystemTheme::test_panels_saves_system_string_not_resolved PASSED [  8%]
tests/test_batch_fixes.py::TestSystemTheme::test_i18n_cmd_theme_includes_system_english PASSED [  9%]
tests/test_batch_fixes.py::TestSystemTheme::test_i18n_cmd_theme_all_locales PASSED [  9%]
tests/test_batch_fixes.py::TestSystemTheme::test_theme_listener_cleanup_uses_stable_handler PASSED [  9%]
tests/test_batch_fixes.py::TestSystemTheme::test_panels_hydrates_appearance_before_models_fetch PASSED [  9%]
tests/test_blockquote_rendering.py::TestBlockquoteSourceStructure::test_old_single_line_rule_removed PASSED [  9%]
tests/test_blockquote_rendering.py::TestBlockquoteSourceStructure::test_blockquote_pre_pass_present PASSED [  9%]
tests/test_blockquote_rendering.py::TestBlockquoteSourceStructure::test_prefix_strip_present PASSED [  9%]
tests/test_blockquote_rendering.py::TestBlockquoteSourceStructure::test_bq_stash_token_in_paragraph_bypass PASSED [  9%]
tests/test_blockquote_rendering.py::TestBlockquoteSourceStructure::test_bq_stash_restore_present PASSED [  9%]
tests/test_blockquote_rendering.py::TestMultiLineBlockquote::test_single_line_still_works PASSED [  9%]
tests/test_blockquote_rendering.py::TestMultiLineBlockquote::test_two_consecutive_lines_grouped PASSED [  9%]
tests/test_blockquote_rendering.py::TestMultiLineBlockquote::test_ten_lines_one_blockquote PASSED [  9%]
tests/test_blockquote_rendering.py::TestMultiLineBlockquote::test_two_separate_quotes_stay_separate PASSED [  9%]
tests/test_blockquote_rendering.py::TestBlankContinuationLines::test_bare_gt_line_no_literal PASSED [  9%]
tests/test_blockquote_rendering.py::TestBlankContinuationLines::test_bare_gt_no_space_handled PASSED [  9%]
tests/test_blockquote_rendering.py::TestBlankContinuationLines::test_blank_line_becomes_br PASSED [  9%]
tests/test_blockquote_rendering.py::TestInlineMarkdownInsideBlockquote::test_bold_inside_blockquote PASSED [  9%]
tests/test_blockquote_rendering.py::TestInlineMarkdownInsideBlockquote::test_inline_code_inside_blockquote PASSED [  9%]
tests/test_blockquote_rendering.py::TestInlineMarkdownInsideBlockquote::test_italic_inside_blockquote PASSED [  9%]
tests/test_blockquote_rendering.py::TestNoPhantomTrailingBr::test_input_ending_with_newline_no_trailing_br PASSED [  9%]
tests/test_blockquote_rendering.py::TestNoPhantomTrailingBr::test_blockquote_followed_by_paragraph_no_trailing_br PASSED [  9%]
tests/test_blockquote_rendering.py::TestNoPhantomTrailingBr::test_multiline_quote_ending_with_newline_no_trailing_br PASSED [  9%]
tests/test_blockquote_rendering.py::TestNoPhantomTrailingBr::test_quote_with_blank_continuation_then_newline PASSED [  9%]
tests/test_blockquote_rendering.py::TestBlockquoteFollowedByParagraph::test_non_blockquote_paragraph_untouched PASSED [  9%]
tests/test_blockquote_rendering.py::TestBlockquotePrePassOrdering::test_entity_decode_runs_before_blockquote_pre_pass PASSED [  9%]
tests/test_bootstrap_discover_agent.py::test_discovers_agent_dir_from_hermes_shebang PASSED [  9%]
tests/test_bootstrap_discover_agent.py::test_returns_none_when_hermes_not_on_path PASSED [  9%]
tests/test_bootstrap_discover_agent.py::test_returns_none_when_hermes_has_no_shebang PASSED [  9%]
tests/test_bootstrap_discover_agent.py::test_returns_none_when_shebang_interpreter_does_not_walk_to_run_agent PASSED [  9%]
tests/test_bootstrap_discover_agent.py::test_explicit_candidate_takes_precedence_over_shebang PASSED [  9%]
tests/test_bootstrap_dotenv.py::TestLoadRepoDotenv::test_sets_env_var_from_dotenv PASSED [  9%]
tests/test_bootstrap_dotenv.py::TestLoadRepoDotenv::test_sets_port_from_dotenv PASSED [  9%]
tests/test_bootstrap_dotenv.py::TestLoadRepoDotenv::test_ignores_comment_lines PASSED [  9%]
tests/test_bootstrap_dotenv.py::TestLoadRepoDotenv::test_ignores_blank_lines PASSED [  9%]
tests/test_bootstrap_dotenv.py::TestLoadRepoDotenv::test_strips_double_quoted_values PASSED [  9%]
tests/test_bootstrap_dotenv.py::TestLoadRepoDotenv::test_strips_single_quoted_values PASSED [  9%]
tests/test_bootstrap_dotenv.py::TestLoadRepoDotenv::test_noop_when_no_dotenv PASSED [  9%]
tests/test_bootstrap_dotenv.py::TestLoadRepoDotenv::test_noop_when_dotenv_unreadable PASSED [  9%]
tests/test_bootstrap_dotenv.py::TestLoadRepoDotenv::test_overwrites_existing_env_var PASSED [  9%]
tests/test_bootstrap_dotenv.py::TestLoadRepoDotenv::test_does_not_set_empty_values PASSED [  9%]
tests/test_bootstrap_dotenv.py::TestLoadRepoDotenv::test_multiple_keys_all_loaded PASSED [  9%]
tests/test_bootstrap_dotenv.py::TestLoadRepoDotenv::test_value_with_equals_sign_preserved PASSED [  9%]
tests/test_bootstrap_dotenv.py::TestLoadRepoDotenv::test_export_prefix_stripped PASSED [  9%]
tests/test_bootstrap_dotenv.py::TestBootstrapStructure::test_load_repo_dotenv_function_exists PASSED [  9%]
tests/test_bootstrap_dotenv.py::TestBootstrapStructure::test_dotenv_loaded_before_default_host_port PASSED [  9%]
tests/test_bootstrap_dotenv.py::TestBootstrapStructure::test_start_sh_and_bootstrap_equivalent_env_loading PASSED [  9%]
tests/test_bootstrap_foreground.py::TestForegroundFlag::test_foreground_is_recognized_flag PASSED [  9%]
tests/test_bootstrap_foreground.py::TestForegroundFlag::test_foreground_default_is_false PASSED [  9%]
tests/test_bootstrap_foreground.py::TestForegroundFlag::test_foreground_help_mentions_supervisors PASSED [ 10%]
tests/test_bootstrap_foreground.py::TestDetectSupervisor::test_clean_env_returns_none PASSED [ 10%]
tests/test_bootstrap_foreground.py::TestDetectSupervisor::test_each_supervisor_var_triggers[INVOCATION_ID] PASSED [ 10%]
tests/test_bootstrap_foreground.py::TestDetectSupervisor::test_each_supervisor_var_triggers[JOURNAL_STREAM] PASSED [ 10%]
tests/test_bootstrap_foreground.py::TestDetectSupervisor::test_each_supervisor_var_triggers[NOTIFY_SOCKET] PASSED [ 10%]
tests/test_bootstrap_foreground.py::TestDetectSupervisor::test_each_supervisor_var_triggers[XPC_SERVICE_NAME] PASSED [ 10%]
tests/test_bootstrap_foreground.py::TestDetectSupervisor::test_each_supervisor_var_triggers[SUPERVISOR_ENABLED] PASSED [ 10%]
tests/test_bootstrap_foreground.py::TestDetectSupervisor::test_explicit_opt_in_truthy_values[1] PASSED [ 10%]
tests/test_bootstrap_foreground.py::TestDetectSupervisor::test_explicit_opt_in_truthy_values[true] PASSED [ 10%]
tests/test_bootstrap_foreground.py::TestDetectSupervisor::test_explicit_opt_in_truthy_values[TRUE] PASSED [ 10%]
tests/test_bootstrap_foreground.py::TestDetectSupervisor::test_explicit_opt_in_truthy_values[yes] PASSED [ 10%]
tests/test_bootstrap_foreground.py::TestDetectSupervisor::test_explicit_opt_in_truthy_values[Yes] PASSED [ 10%]
tests/test_bootstrap_foreground.py::TestDetectSupervisor::test_explicit_opt_in_truthy_values[on] PASSED [ 10%]
tests/test_bootstrap_foreground.py::TestDetectSupervisor::test_explicit_opt_in_truthy_values[ON] PASSED [ 10%]
tests/test_bootstrap_foreground.py::TestDetectSupervisor::test_explicit_opt_in_falsy_values_fall_through[0] PASSED [ 10%]
tests/test_bootstrap_foreground.py::TestDetectSupervisor::test_explicit_opt_in_falsy_values_fall_through[false] PASSED [ 10%]
tests/test_bootstrap_foreground.py::TestDetectSupervisor::test_explicit_opt_in_falsy_values_fall_through[FALSE] PASSED [ 10%]
tests/test_bootstrap_foreground.py::TestDetectSupervisor::test_explicit_opt_in_falsy_values_fall_through[no] PASSED [ 10%]
tests/test_bootstrap_foreground.py::TestDetectSupervisor::test_explicit_opt_in_falsy_values_fall_through[off] PASSED [ 10%]
tests/test_bootstrap_foreground.py::TestDetectSupervisor::test_explicit_opt_in_falsy_values_fall_through[] PASSED [ 10%]
tests/test_bootstrap_foreground.py::TestDetectSupervisor::test_explicit_opt_in_falsy_values_fall_through[  ] PASSED [ 10%]
tests/test_bootstrap_foreground.py::TestDetectSupervisor::test_explicit_opt_in_takes_precedence_over_supervisor_var PASSED [ 10%]
tests/test_bootstrap_foreground.py::TestXPCServiceNameNoiseFilter::test_xpc_noise_values_do_not_trigger[0] PASSED [ 10%]
tests/test_bootstrap_foreground.py::TestXPCServiceNameNoiseFilter::test_xpc_noise_values_do_not_trigger[application.com.apple.Terminal.0BCDDEAD-1234-5678] PASSED [ 10%]
tests/test_bootstrap_foreground.py::TestXPCServiceNameNoiseFilter::test_xpc_noise_values_do_not_trigger[application.com.googlecode.iterm2] PASSED [ 10%]
tests/test_bootstrap_foreground.py::TestXPCServiceNameNoiseFilter::test_xpc_noise_values_do_not_trigger[application.com.microsoft.VSCode] PASSED [ 10%]
tests/test_bootstrap_foreground.py::TestXPCServiceNameNoiseFilter::test_xpc_real_label_triggers[com.example.hermes-webui] PASSED [ 10%]
tests/test_bootstrap_foreground.py::TestXPCServiceNameNoiseFilter::test_xpc_real_label_triggers[com.acme.production-server] PASSED [ 10%]
tests/test_bootstrap_foreground.py::TestXPCServiceNameNoiseFilter::test_xpc_real_label_triggers[io.github.user.my-service] PASSED [ 10%]
tests/test_bootstrap_foreground.py::TestXPCServiceNameNoiseFilter::test_xpc_noise_does_not_block_other_supervisor_var PASSED [ 10%]
tests/test_bootstrap_foreground.py::TestMainForegroundRouting::test_default_path_uses_popen PASSED [ 10%]
tests/test_bootstrap_foreground.py::TestMainForegroundRouting::test_foreground_flag_uses_execv FAILED [ 10%]
tests/test_bootstrap_foreground.py::TestMainForegroundRouting::test_supervisor_env_var_auto_promotes_to_execv[INVOCATION_ID] FAILED [ 10%]
tests/test_bootstrap_foreground.py::TestMainForegroundRouting::test_supervisor_env_var_auto_promotes_to_execv[JOURNAL_STREAM] FAILED [ 10%]
tests/test_bootstrap_foreground.py::TestMainForegroundRouting::test_supervisor_env_var_auto_promotes_to_execv[NOTIFY_SOCKET] FAILED [ 10%]
tests/test_bootstrap_foreground.py::TestMainForegroundRouting::test_supervisor_env_var_auto_promotes_to_execv[XPC_SERVICE_NAME] FAILED [ 10%]
tests/test_bootstrap_foreground.py::TestMainForegroundRouting::test_supervisor_env_var_auto_promotes_to_execv[SUPERVISOR_ENABLED] FAILED [ 10%]
tests/test_bootstrap_foreground.py::TestMainForegroundRouting::test_explicit_opt_in_env_auto_promotes_to_execv FAILED [ 10%]
tests/test_bootstrap_foreground.py::TestForegroundEnvAndCwd::test_foreground_chdirs_to_agent_dir_before_exec FAILED [ 10%]
tests/test_bootstrap_foreground.py::TestForegroundEnvAndCwd::test_foreground_exports_resolved_env_vars FAILED [ 10%]
tests/test_bootstrap_foreground.py::TestForegroundEnvAndCwd::test_foreground_does_not_call_wait_for_health FAILED [ 10%]
tests/test_bootstrap_foreground.py::TestForegroundExecutabilityGuard::test_non_executable_python_raises_runtime_error FAILED [ 10%]
tests/test_bootstrap_python_selection.py::test_ensure_python_prefers_agent_venv_when_launcher_cannot_import_agent PASSED [ 10%]
tests/test_bootstrap_python_selection.py::test_ensure_python_fails_loudly_when_no_interpreter_can_import_agent FAILED [ 10%]
tests/test_bootstrap_python_selection.py::test_local_venv_is_created_with_symlinks PASSED [ 10%]
tests/test_bugbatch_apr2026.py::test_594_app_dialog_has_light_mode_override PASSED [ 10%]
tests/test_bugbatch_apr2026.py::test_594_app_dialog_input_has_light_mode_override PASSED [ 10%]
tests/test_bugbatch_apr2026.py::test_594_app_dialog_btn_has_light_mode_override PASSED [ 10%]
tests/test_bugbatch_apr2026.py::test_594_app_dialog_close_has_light_mode_override PASSED [ 11%]
tests/test_bugbatch_apr2026.py::test_594_file_rename_input_has_light_mode_override PASSED [ 11%]
tests/test_bugbatch_apr2026.py::test_dark_user_bubbles_use_dark_tinted_surface PASSED [ 11%]
tests/test_bugbatch_apr2026.py::test_dark_user_bubbles_do_not_need_per_skin_text_hacks PASSED [ 11%]
tests/test_bugbatch_apr2026.py::test_user_bubbles_define_selection_tokens_for_both_modes PASSED [ 11%]
tests/test_bugbatch_apr2026.py::test_user_bubble_selection_is_scoped_to_user_message_body PASSED [ 11%]
tests/test_bugbatch_apr2026.py::test_576_panel_restore_gated_on_workspace PASSED [ 11%]
tests/test_bugbatch_apr2026.py::test_576_restore_happens_after_load_session PASSED [ 11%]
tests/test_bugbatch_apr2026.py::test_585_get_available_models_calls_reload_config PASSED [ 11%]
tests/test_bugbatch_apr2026.py::test_567_compose_mentions_macos_uid PASSED [ 11%]
tests/test_bugbatch_apr2026.py::test_590_transcribing_status_shown_before_fetch PASSED [ 11%]
tests/test_bugbatch_apr2026.py::test_590_recording_stops_before_transcribe PASSED [ 11%]
tests/test_byok_model_dropdown.py::TestActiveProviderNormalization::test_z_dot_ai_normalized_to_zai PASSED [ 11%]
tests/test_byok_model_dropdown.py::TestActiveProviderNormalization::test_x_dot_ai_normalized_to_xai PASSED [ 11%]
tests/test_byok_model_dropdown.py::TestActiveProviderNormalization::test_google_normalized_to_gemini PASSED [ 11%]
tests/test_byok_model_dropdown.py::TestActiveProviderNormalization::test_normalization_code_present PASSED [ 11%]
tests/test_byok_model_dropdown.py::TestLiveModelsProviderNormalization::test_live_models_normalizes_provider_alias PASSED [ 11%]
tests/test_byok_model_dropdown.py::TestLiveModelsProviderNormalization::test_live_models_normalization_before_provider_model_ids PASSED [ 11%]
tests/test_byok_model_dropdown.py::TestLiveModelsProviderNormalization::test_alias_resolver_works_without_hermes_cli PASSED [ 11%]
tests/test_byok_model_dropdown.py::TestLiveModelsCustomProviderFallback::test_custom_fallback_code_present PASSED [ 11%]
tests/test_byok_model_dropdown.py::TestLiveModelsCustomProviderFallback::test_custom_fallback_returns_configured_models PASSED [ 11%]
tests/test_byok_model_dropdown.py::TestKnownProvidersUnaffected::test_openrouter_unaffected PASSED [ 11%]
tests/test_byok_model_dropdown.py::TestKnownProvidersUnaffected::test_anthropic_unaffected PASSED [ 11%]
tests/test_byok_model_dropdown.py::TestKnownProvidersUnaffected::test_custom_unaffected PASSED [ 11%]
tests/test_byok_model_dropdown.py::TestProviderIdInGroupResponse::test_groups_include_provider_id PASSED [ 11%]
tests/test_byok_model_dropdown.py::TestProviderIdInGroupResponse::test_provider_id_in_static_ui_js_optgroup PASSED [ 11%]
tests/test_byok_model_dropdown.py::TestProviderIdInGroupResponse::test_fetch_live_models_prefers_data_provider_match PASSED [ 11%]
tests/test_byok_model_dropdown.py::TestOllamaAliasEdgeCase::test_ollama_not_in_provider_aliases_as_ollama PASSED [ 11%]
tests/test_byok_model_dropdown.py::TestGetAvailableModelsReturnsCanonicalProvider::test_active_provider_in_response_is_normalized PASSED [ 11%]
tests/test_byte_range_parser.py::test_parse_range_header[explicit start-end] PASSED [ 11%]
tests/test_byte_range_parser.py::test_parse_range_header[open-ended start] PASSED [ 11%]
tests/test_byte_range_parser.py::test_parse_range_header[open-ended from middle] PASSED [ 11%]
tests/test_byte_range_parser.py::test_parse_range_header[suffix range \u2014 last 500 bytes] PASSED [ 11%]
tests/test_byte_range_parser.py::test_parse_range_header[suffix > file_size clamps to start=0] PASSED [ 11%]
tests/test_byte_range_parser.py::test_parse_range_header[end > file_size clamps to file_size-1] PASSED [ 11%]
tests/test_byte_range_parser.py::test_parse_range_header[end past file clamps to last byte] PASSED [ 11%]
tests/test_byte_range_parser.py::test_parse_range_header[single-byte range] PASSED [ 11%]
tests/test_byte_range_parser.py::test_parse_range_header[last byte] PASSED [ 11%]
tests/test_byte_range_parser.py::test_parse_range_header[whitespace inside trimmed] PASSED [ 11%]
tests/test_byte_range_parser.py::test_parse_range_header[empty header] PASSED [ 11%]
tests/test_byte_range_parser.py::test_parse_range_header[wrong format \u2014 space instead of =] PASSED [ 11%]
tests/test_byte_range_parser.py::test_parse_range_header[no spec after =] PASSED [ 11%]
tests/test_byte_range_parser.py::test_parse_range_header[bare dash, no numbers] PASSED [ 11%]
tests/test_byte_range_parser.py::test_parse_range_header[zero-length suffix] PASSED [ 11%]
tests/test_byte_range_parser.py::test_parse_range_header[multipart not supported] PASSED [ 11%]
tests/test_byte_range_parser.py::test_parse_range_header[reversed range] PASSED [ 11%]
tests/test_byte_range_parser.py::test_parse_range_header[start past file] PASSED [ 11%]
tests/test_byte_range_parser.py::test_parse_range_header[non-numeric] PASSED [ 11%]
tests/test_byte_range_parser.py::test_parse_range_header[non-numeric suffix] PASSED [ 11%]
tests/test_byte_range_parser.py::test_parse_range_header[leading space \u2014 must startswith bytes=] PASSED [ 12%]
tests/test_byte_range_parser.py::test_parse_range_header[empty file always None] PASSED [ 12%]
tests/test_byte_range_parser.py::test_parse_range_header[suffix=1 \u2014 last byte] PASSED [ 12%]
tests/test_byte_range_parser.py::test_returned_offsets_are_non_negative_for_valid_inputs PASSED [ 12%]
tests/test_byte_range_parser.py::test_content_length_is_positive_for_valid_ranges PASSED [ 12%]
tests/test_cancel_interrupt.py::TestCancelInterrupt::test_cancel_calls_agent_interrupt PASSED [ 12%]
tests/test_cancel_interrupt.py::TestCancelInterrupt::test_cancel_handles_interrupt_exception PASSED [ 12%]
tests/test_cancel_interrupt.py::TestCancelInterrupt::test_cancel_before_agent_ready PASSED [ 12%]
tests/test_cancel_interrupt.py::TestCancelInterrupt::test_cancel_nonexistent_stream PASSED [ 12%]
tests/test_cancel_interrupt.py::TestCancelInterrupt::test_cancel_sets_cancel_event PASSED [ 12%]
tests/test_cancel_interrupt.py::TestCancelInterrupt::test_cancel_puts_sentinel_in_queue PASSED [ 12%]
tests/test_chinese_locale.py::test_chinese_locale_block_exists PASSED    [ 12%]
tests/test_chinese_locale.py::test_chinese_locale_includes_representative_translations PASSED [ 12%]
tests/test_chinese_locale.py::test_chinese_locale_covers_english_keys PASSED [ 12%]
tests/test_chinese_locale.py::test_chinese_locale_has_no_duplicate_keys PASSED [ 12%]
tests/test_chinese_locale.py::test_traditional_chinese_mcp_and_tree_labels_are_not_cyrillic PASSED [ 12%]
tests/test_clarify_sse.py::TestClarifySSEBackendMarkers::test_clarify_module_has_marker[_clarify_sse_subscribers] PASSED [ 12%]
tests/test_clarify_sse.py::TestClarifySSEBackendMarkers::test_clarify_module_has_marker[def sse_subscribe] PASSED [ 12%]
tests/test_clarify_sse.py::TestClarifySSEBackendMarkers::test_clarify_module_has_marker[def sse_unsubscribe] PASSED [ 12%]
tests/test_clarify_sse.py::TestClarifySSEBackendMarkers::test_clarify_module_has_marker[_clarify_sse_notify] PASSED [ 12%]
tests/test_clarify_sse.py::TestClarifySSEBackendCode::test_submit_pending_calls_notify PASSED [ 12%]
tests/test_clarify_sse.py::TestClarifySSEBackendCode::test_resolve_clarify_calls_notify PASSED [ 12%]
tests/test_clarify_sse.py::TestClarifySSERoutesCode::test_route_registered PASSED [ 12%]
tests/test_clarify_sse.py::TestClarifySSERoutesCode::test_handler_function_exists PASSED [ 12%]
tests/test_clarify_sse.py::TestClarifySSERoutesCode::test_imports_sse_subscribe PASSED [ 12%]
tests/test_clarify_sse.py::TestClarifySSERoutesCode::test_imports_sse_unsubscribe PASSED [ 12%]
tests/test_clarify_sse.py::TestClarifySSEFrontendCode::test_uses_event_source PASSED [ 12%]
tests/test_clarify_sse.py::TestClarifySSEFrontendCode::test_frontend_listens_initial_event PASSED [ 12%]
tests/test_clarify_sse.py::TestClarifySSEFrontendCode::test_frontend_listens_clarify_event PASSED [ 12%]
tests/test_clarify_sse.py::TestClarifySSEFrontendCode::test_frontend_has_fallback_poll PASSED [ 12%]
tests/test_clarify_sse.py::TestClarifySSEFrontendCode::test_frontend_fallback_interval_3s PASSED [ 12%]
tests/test_clarify_sse.py::TestClarifySSEFrontendCode::test_frontend_stop_closes_event_source PASSED [ 12%]
tests/test_clarify_sse.py::TestClarifySSEFrontendCode::test_frontend_has_health_timer PASSED [ 12%]
tests/test_clarify_sse.py::TestClarifySSEUnit::test_subscribe_returns_queue PASSED [ 12%]
tests/test_clarify_sse.py::TestClarifySSEUnit::test_unsubscribe_removes_queue PASSED [ 12%]
tests/test_clarify_sse.py::TestClarifySSEUnit::test_unsubscribe_cleans_empty_session PASSED [ 12%]
tests/test_clarify_sse.py::TestClarifySSEUnit::test_unsubscribe_unknown_queue_no_error PASSED [ 12%]
tests/test_clarify_sse.py::TestClarifySSEUnit::test_multiple_subscribers_same_session PASSED [ 12%]
tests/test_clarify_sse.py::TestClarifySSEUnit::test_notify_delivers_to_all_subscribers PASSED [ 12%]
tests/test_clarify_sse.py::TestClarifySSEUnit::test_cross_session_isolation PASSED [ 12%]
tests/test_clarify_sse.py::TestClarifySSEUnit::test_queue_overflow_drops_silently PASSED [ 12%]
tests/test_clarify_sse.py::TestClarifySSEUnit::test_submit_pending_triggers_notify PASSED [ 12%]
tests/test_clarify_sse.py::TestClarifySSEUnit::test_unsubscribe_mid_notify_safe PASSED [ 12%]
tests/test_clarify_sse.py::TestClarifySSEConcurrency::test_concurrent_subscribe_unsubscribe PASSED [ 12%]
tests/test_clarify_sse.py::TestClarifySSEConcurrency::test_concurrent_notify_and_subscribe PASSED [ 12%]
tests/test_clarify_unblock.py::TestClarifyUnblocking::test_resolve_clarify_sets_event PASSED [ 12%]
tests/test_clarify_unblock.py::TestClarifyUnblocking::test_register_and_fire_notify_cb PASSED [ 12%]
tests/test_clarify_unblock.py::TestClarifyUnblocking::test_clear_pending_unblocks_waiters PASSED [ 12%]
tests/test_clarify_unblock.py::TestClarifyUnblocking::test_submit_pending_registers_entry PASSED [ 13%]
tests/test_clarify_unblock.py::TestClarifyUnblocking::test_submit_pending_adds_timeout_metadata PASSED [ 13%]
tests/test_clarify_unblock.py::TestClarifyModuleExports::test_register_gateway_notify_exported PASSED [ 13%]
tests/test_clarify_unblock.py::TestClarifyModuleExports::test_unregister_gateway_notify_exported PASSED [ 13%]
tests/test_clarify_unblock.py::TestClarifyModuleExports::test_resolve_clarify_exported PASSED [ 13%]
tests/test_clarify_unblock.py::TestClarifyModuleExports::test_clarify_entry_exported PASSED [ 13%]
tests/test_clarify_unblock.py::TestClarifyHTTPEndpoints::test_respond_returns_ok_no_pending PASSED [ 13%]
tests/test_clarify_unblock.py::TestClarifyHTTPEndpoints::test_respond_requires_session_id PASSED [ 13%]
tests/test_clarify_unblock.py::TestClarifyHTTPEndpoints::test_respond_requires_response PASSED [ 13%]
tests/test_clarify_unblock.py::TestClarifyHTTPEndpoints::test_respond_clears_injected_pending PASSED [ 13%]
tests/test_claude_code_session_import.py::test_default_claude_code_scan_is_disabled_inside_test_state PASSED [ 13%]
tests/test_claude_code_session_import.py::test_get_claude_code_sessions_reads_fixture_jsonl_without_real_home PASSED [ 13%]
tests/test_claude_code_session_import.py::test_claude_code_scan_skips_symlinks_and_oversized_files PASSED [ 13%]
tests/test_claude_code_session_import.py::test_session_import_cli_returns_read_only_claude_code_payload PASSED [ 13%]
tests/test_claude_code_session_import.py::test_read_only_source_badge_ui_guards_are_present PASSED [ 13%]
tests/test_cli_only_slash_commands.py::test_api_commands_exposes_cli_only_metadata_for_webui_intercept PASSED [ 13%]
tests/test_cli_only_slash_commands.py::test_frontend_fetches_agent_command_metadata_lazily PASSED [ 13%]
tests/test_cli_only_slash_commands.py::test_frontend_matches_agent_command_aliases PASSED [ 13%]
tests/test_cli_only_slash_commands.py::test_cli_only_response_mentions_webui_and_cli_scope PASSED [ 13%]
tests/test_cli_only_slash_commands.py::test_browser_cli_only_response_explains_server_side_browser_tools PASSED [ 13%]
tests/test_cli_only_slash_commands.py::test_agent_command_metadata_helper_resolves_name_and_alias FAILED [ 13%]
tests/test_cli_only_slash_commands.py::test_cli_only_response_helper_uses_canonical_command_name FAILED [ 13%]
tests/test_cli_only_slash_commands.py::test_send_intercepts_cli_only_commands_before_agent_round_trip PASSED [ 13%]
tests/test_cli_only_slash_commands.py::test_unknown_slash_commands_still_fall_through_to_agent PASSED [ 13%]
tests/test_cli_only_slash_commands.py::test_builtin_command_opt_outs_do_not_hit_agent_metadata_lookup PASSED [ 13%]
tests/test_cli_session_tool_metadata.py::test_get_cli_session_messages_preserves_tool_call_metadata PASSED [ 13%]
tests/test_cli_session_tool_metadata.py::test_existing_cli_import_refreshes_same_length_tool_metadata PASSED [ 13%]
tests/test_cmd_dropdown_scroll_838.py::TestNavigateCmdDropdownScroll::test_navigate_calls_scroll_into_view PASSED [ 13%]
tests/test_cmd_dropdown_scroll_838.py::TestNavigateCmdDropdownScroll::test_scroll_uses_nearest_block_alignment PASSED [ 13%]
tests/test_cmd_dropdown_scroll_838.py::TestNavigateCmdDropdownScroll::test_scroll_after_selected_class_update PASSED [ 13%]
tests/test_cmd_dropdown_scroll_838.py::TestNavigateCmdDropdownScroll::test_cmd_dropdown_is_scroll_container PASSED [ 13%]
tests/test_cmd_idle_fallback.py::TestIdleFallbackStructure::test_queue_idle_path_calls_send PASSED [ 13%]
tests/test_cmd_idle_fallback.py::TestIdleFallbackStructure::test_queue_idle_path_sets_input_value PASSED [ 13%]
tests/test_cmd_idle_fallback.py::TestIdleFallbackStructure::test_queue_idle_path_not_toast_only PASSED [ 13%]
tests/test_cmd_idle_fallback.py::TestIdleFallbackStructure::test_interrupt_idle_path_calls_send PASSED [ 13%]
tests/test_cmd_idle_fallback.py::TestIdleFallbackStructure::test_interrupt_idle_path_sets_input_value PASSED [ 13%]
tests/test_cmd_idle_fallback.py::TestIdleFallbackStructure::test_interrupt_idle_branch_exists PASSED [ 13%]
tests/test_cmd_idle_fallback.py::TestIdleFallbackStructure::test_steer_idle_path_calls_send PASSED [ 13%]
tests/test_cmd_idle_fallback.py::TestIdleFallbackStructure::test_steer_idle_path_sets_input_value PASSED [ 13%]
tests/test_cmd_idle_fallback.py::TestIdleFallbackStructure::test_steer_idle_branch_before_trySteer PASSED [ 13%]
tests/test_cmd_idle_fallback.py::TestIdleFallbackStructure::test_queue_no_longer_toasts_only_when_idle PASSED [ 13%]
tests/test_cmd_idle_fallback.py::TestIdleFallbackStructure::test_steer_no_longer_calls_no_active_task_toast_when_idle PASSED [ 13%]
tests/test_cmd_idle_fallback.py::TestBusyPathsStillWork::test_queue_still_queues_when_busy PASSED [ 13%]
tests/test_cmd_idle_fallback.py::TestBusyPathsStillWork::test_interrupt_still_cancels_when_busy PASSED [ 13%]
tests/test_cmd_idle_fallback.py::TestBusyPathsStillWork::test_steer_still_calls_trySteer_when_busy PASSED [ 13%]
tests/test_cmd_idle_fallback.py::TestBusyPathsStillWork::test_stop_command_unchanged PASSED [ 13%]
tests/test_commands_endpoint.py::test_commands_endpoint_returns_list SKIPPED [ 13%]
tests/test_commands_endpoint.py::test_commands_endpoint_includes_help SKIPPED [ 13%]
tests/test_commands_endpoint.py::test_commands_endpoint_command_shape SKIPPED [ 13%]
tests/test_commands_endpoint.py::test_commands_endpoint_excludes_gateway_only_and_never_expose SKIPPED [ 14%]
tests/test_commands_endpoint.py::test_commands_endpoint_keeps_new_with_reset_alias SKIPPED [ 14%]
tests/test_commands_endpoint.py::test_list_commands_returns_empty_for_empty_registry PASSED [ 14%]
tests/test_commands_endpoint.py::test_list_commands_degrades_when_agent_missing PASSED [ 14%]
tests/test_composer_chip_lightbox.py::TestComposerChipLightboxDelegate::test_delegate_handles_attach_thumb_clicks PASSED [ 14%]
tests/test_composer_chip_lightbox.py::TestComposerChipLightboxDelegate::test_delegate_still_handles_message_attached_images PASSED [ 14%]
tests/test_composer_chip_lightbox.py::TestComposerChipLightboxDelegate::test_delegate_excludes_audio_video_chips PASSED [ 14%]
tests/test_composer_chip_lightbox.py::TestComposerChipCursorAffordance::test_attach_thumb_cursor_is_zoom_in PASSED [ 14%]
tests/test_composer_chip_lightbox.py::TestComposerChipCursorAffordance::test_attach_thumb_has_hover_emphasis PASSED [ 14%]
tests/test_credential_pool_providers.py::test_ollama_cloud_manual_credential_shows_group PASSED [ 14%]
tests/test_credential_pool_providers.py::test_copilot_gh_cli_only_credential_hidden PASSED [ 14%]
tests/test_credential_pool_providers.py::test_copilot_mixed_credential_pool_remains_visible PASSED [ 14%]
tests/test_credential_pool_providers.py::test_copilot_empty_field_entries_are_treated_as_explicit PASSED [ 14%]
tests/test_credential_pool_providers.py::test_copilot_oauth_credential_is_visible PASSED [ 14%]
tests/test_credential_pool_providers.py::test_load_pool_copilot_ambient_only_remains_hidden PASSED [ 14%]
tests/test_credential_pool_providers.py::test_load_pool_copilot_ambient_key_source_only_remains_hidden PASSED [ 14%]
tests/test_credential_pool_providers.py::test_load_pool_alias_provider_key_is_resolved PASSED [ 14%]
tests/test_credential_pool_providers.py::test_load_pool_explicit_credential_shows_provider PASSED [ 14%]
tests/test_credential_pool_providers.py::test_apply_provider_prefix_ollama_cloud_non_active PASSED [ 14%]
tests/test_credential_pool_providers.py::test_apply_provider_prefix_copilot_non_active PASSED [ 14%]
tests/test_credential_pool_providers.py::test_apply_provider_prefix_no_double_prefix PASSED [ 14%]
tests/test_credential_pool_providers.py::test_apply_provider_prefix_active_provider_no_prefix PASSED [ 14%]
tests/test_credential_pool_providers.py::test_copilot_mixed_pool_prefixed_models PASSED [ 14%]
tests/test_credential_pool_providers.py::test_auth_store_active_provider_alias_is_resolved PASSED [ 14%]
tests/test_credential_pool_providers.py::test_ollama_cloud_empty_catalog_skips_group PASSED [ 14%]
tests/test_credential_pool_providers.py::test_format_ollama_label_simple PASSED [ 14%]
tests/test_credential_pool_providers.py::test_format_ollama_label_with_variant PASSED [ 14%]
tests/test_credential_pool_providers.py::test_format_ollama_label_short_acronym PASSED [ 14%]
tests/test_credential_pool_providers.py::test_format_ollama_label_gpt_oss_with_size PASSED [ 14%]
tests/test_credential_pool_providers.py::test_format_ollama_label_empty_string PASSED [ 14%]
tests/test_credential_pool_providers.py::test_format_ollama_label_no_variant PASSED [ 14%]
tests/test_credential_pool_providers.py::test_fallback_path_resolves_alias_when_load_pool_unavailable PASSED [ 14%]
tests/test_cron_manual_run_persistence.py::test_manual_cron_run_saves_output_and_marks_job PASSED [ 14%]
tests/test_cron_manual_run_persistence.py::test_manual_cron_run_marks_empty_response_as_failure PASSED [ 14%]
tests/test_cron_needs_attention.py::test_legacy_broken_recurring_cron_is_needs_attention_not_off PASSED [ 14%]
tests/test_cron_needs_attention.py::test_cron_attention_ui_has_recovery_and_diagnostics_actions PASSED [ 14%]
tests/test_cron_no_agent_edit.py::test_open_cron_edit_plumbs_no_agent_and_script_to_form PASSED [ 14%]
tests/test_cron_no_agent_edit.py::test_no_agent_form_drops_prompt_required_attribute_and_shows_script_context PASSED [ 14%]
tests/test_cron_no_agent_edit.py::test_save_cron_form_keeps_agent_prompt_required_but_skips_no_agent_edits PASSED [ 14%]
tests/test_cron_no_agent_edit.py::test_no_agent_detail_displays_mode_and_script PASSED [ 14%]
tests/test_cron_refresh_button_835.py::TestCronRefreshButtonHtml::test_refresh_button_present PASSED [ 14%]
tests/test_cron_refresh_button_835.py::TestCronRefreshButtonHtml::test_refresh_button_has_accessibility_labels PASSED [ 14%]
tests/test_cron_refresh_button_835.py::TestCronRefreshButtonHtml::test_refresh_button_calls_load_crons_with_animate PASSED [ 14%]
tests/test_cron_refresh_button_835.py::TestCronRefreshButtonHtml::test_refresh_button_sits_next_to_new_job_button PASSED [ 14%]
tests/test_cron_refresh_button_835.py::TestLoadCronsAnimateFlag::test_load_crons_accepts_animate_param PASSED [ 14%]
tests/test_cron_refresh_button_835.py::TestLoadCronsAnimateFlag::test_load_crons_restores_button_in_finally PASSED [ 14%]
[...]
tests/test_title_aux_routing.py::TestAuxInvalidAuxTriggersAgentFallback::test_success_status_does_not_trigger_agent_fallback PASSED [ 94%]
tests/test_title_sanitization.py::TestGeneratedTitleSanitization::test_fallback_title_non_latin_input_uses_english_placeholder PASSED [ 94%]
tests/test_title_sanitization.py::TestGeneratedTitleSanitization::test_fallback_title_non_latin_quoted_topic_uses_english_placeholder PASSED [ 94%]
tests/test_title_sanitization.py::TestGeneratedTitleSanitization::test_fallback_title_summary_label_is_english PASSED [ 94%]
tests/test_title_sanitization.py::TestGeneratedTitleSanitization::test_fallback_title_uses_english_discussion_suffix PASSED [ 94%]
tests/test_title_sanitization.py::TestGeneratedTitleSanitization::test_first_exchange_skips_empty_assistant_tool_call_placeholder PASSED [ 94%]
tests/test_title_sanitization.py::TestGeneratedTitleSanitization::test_strips_plain_title_prefix PASSED [ 94%]
tests/test_title_sanitization.py::TestGeneratedTitleSanitization::test_strips_session_title_markdown_prefix PASSED [ 94%]
tests/test_title_sanitization.py::TestGeneratedTitleSanitization::test_strips_wrapping_markdown_emphasis PASSED [ 94%]
tests/test_title_sanitization.py::TestGeneratedTitleSanitization::test_title_generation_source_has_no_cjk_literals PASSED [ 94%]
tests/test_tls_support.py::TestTLSConfigFlag::test_tls_enabled_false_when_env_absent PASSED [ 94%]
tests/test_tls_support.py::TestTLSConfigFlag::test_tls_enabled_false_when_only_cert_set PASSED [ 94%]
tests/test_tls_support.py::TestTLSConfigFlag::test_tls_enabled_true_when_both_env_set PASSED [ 94%]
tests/test_tls_support.py::TestTLSEndToEnd::test_http_without_tls_still_works PASSED [ 94%]
tests/test_tls_support.py::TestTLSEndToEnd::test_https_server_responds_to_health PASSED [ 94%]
tests/test_tls_support.py::TestTLSEndToEnd::test_tls_startup_failure_fallback_to_http FAILED [ 94%]
tests/test_tool_call_persistence.py::test_extract_tool_calls_from_openai_message_linkage PASSED [ 94%]
tests/test_tool_call_persistence.py::test_tool_result_snippet_allows_frontend_show_more_threshold_but_stays_bounded PASSED [ 94%]
tests/test_tool_call_persistence.py::test_extract_tool_calls_persists_show_more_sized_snippets_with_bounded_cap PASSED [ 94%]
tests/test_tool_call_persistence.py::test_extract_tool_calls_falls_back_to_live_progress_when_ids_missing PASSED [ 94%]
tests/test_tool_call_persistence.py::test_extract_tool_calls_preserves_mixed_linked_and_fallback_results PASSED [ 94%]
tests/test_ttl_cache.py::test_cache_hit_within_ttl PASSED                [ 94%]
tests/test_ttl_cache.py::test_ttl_expiry PASSED                          [ 94%]
tests/test_ttl_cache.py::test_mtime_invalidation PASSED                  [ 94%]
tests/test_ttl_cache.py::test_deepcopy_isolation PASSED                  [ 94%]
tests/test_ttl_cache.py::test_invalidate_models_cache_direct PASSED      [ 94%]
tests/test_turn_duration_display.py::test_streaming_done_payload_includes_backend_turn_duration PASSED [ 94%]
tests/test_turn_duration_display.py::test_done_handler_persists_duration_on_last_assistant_message PASSED [ 94%]
tests/test_turn_duration_display.py::test_ui_formats_and_renders_turn_duration_in_footer_and_activity_summary PASSED [ 94%]
tests/test_turn_duration_display.py::test_active_compact_activity_elapsed_timer_uses_persisted_start_time PASSED [ 95%]
tests/test_ui_card_animation.py::test_tool_card_toggle_uses_transformable_layout_and_transition PASSED [ 95%]
tests/test_ui_card_animation.py::test_tool_card_detail_uses_transitionable_collapsed_state PASSED [ 95%]
tests/test_ui_card_animation.py::test_thinking_card_toggle_and_body_use_animation_friendly_state PASSED [ 95%]
tests/test_ui_card_animation.py::test_tool_card_toggle_uses_same_chevron_icon_markup_as_thinking_card PASSED [ 95%]
tests/test_ui_card_animation.py::test_thinking_card_uses_panel_chrome_with_gold_palette PASSED [ 95%]
tests/test_ui_tool_call_cleanup.py::TestToolCallGroupingStatic::test_simplified_tool_calling_setting_is_wired_through_frontend PASSED [ 95%]
tests/test_ui_tool_call_cleanup.py::TestToolCallGroupingStatic::test_simplified_tool_calling_autosave_hot_applies_renderer_mode PASSED [ 95%]
tests/test_ui_tool_call_cleanup.py::TestToolCallGroupingStatic::test_render_messages_gates_settled_activity_grouping PASSED [ 95%]
tests/test_ui_tool_call_cleanup.py::TestToolCallGroupingStatic::test_tool_call_groups_default_collapsed_with_summary_visible PASSED [ 95%]
tests/test_ui_tool_call_cleanup.py::TestToolCallGroupingStatic::test_activity_summary_omits_redundant_trailing_count_badge PASSED [ 95%]
tests/test_ui_tool_call_cleanup.py::TestToolCallGroupingStatic::test_activity_summary_keeps_header_compact_without_tool_names_or_thinking_prefix PASSED [ 95%]
tests/test_ui_tool_call_cleanup.py::TestToolCallGroupingStatic::test_live_tool_cards_use_grouping_only_when_simplified PASSED [ 95%]
tests/test_ui_tool_call_cleanup.py::TestToolCallGroupingStatic::test_activity_disclosure_state_is_session_and_turn_scoped PASSED [ 95%]
tests/test_ui_tool_call_cleanup.py::TestToolCallGroupingStatic::test_live_tool_activity_defaults_collapsed_unless_saved_open PASSED [ 95%]
tests/test_ui_tool_call_cleanup.py::TestToolCallGroupingStatic::test_tools_and_thinking_share_one_collapsed_activity_dropdown PASSED [ 95%]
tests/test_ui_tool_call_cleanup.py::TestToolCallGroupingStatic::test_live_thinking_uses_shared_activity_dropdown_only_when_simplified PASSED [ 95%]
tests/test_ui_tool_call_cleanup.py::TestToolCardDesignTokens::test_root_defines_shared_layout_design_tokens PASSED [ 95%]
tests/test_ui_tool_call_cleanup.py::TestToolCardDesignTokens::test_base_dark_palette_restores_upstream_gold_tokens PASSED [ 95%]
tests/test_ui_tool_call_cleanup.py::TestToolCardDesignTokens::test_base_light_palette_restores_upstream_gold_tokens PASSED [ 95%]
tests/test_ui_tool_call_cleanup.py::TestToolCardDesignTokens::test_default_skin_preview_stays_upstream PASSED [ 95%]
tests/test_ui_tool_call_cleanup.py::TestToolCardDesignTokens::test_tool_card_css_uses_design_tokens_for_chrome PASSED [ 95%]
tests/test_ui_tool_call_cleanup.py::TestToolCardDesignTokens::test_tool_card_header_and_text_use_spacing_and_font_tokens PASSED [ 95%]
tests/test_update_apply_ui.py::test_update_apply_network_error_has_recovery_message_not_raw_failed_to_fetch PASSED [ 95%]
tests/test_update_apply_ui.py::test_update_apply_structured_server_errors_still_use_json_message_path PASSED [ 95%]
tests/test_update_apply_ui.py::test_update_apply_network_error_classifier_ignores_http_status_errors PASSED [ 95%]
tests/test_update_apply_ui.py::test_update_apply_prevents_duplicate_apply_requests_while_in_flight PASSED [ 95%]
tests/test_update_banner_fixes.py::TestUpdateChecker::test_repo_url_strips_only_dot_git_suffix PASSED [ 95%]
tests/test_update_banner_fixes.py::TestUpdateChecker::test_repo_url_converts_ssh_and_strips_only_dot_git_suffix PASSED [ 95%]
tests/test_update_banner_fixes.py::TestUpdateChecker::test_repo_url_strips_dot_git_before_trailing_slashes PASSED [ 95%]
tests/test_update_banner_fixes.py::TestConflictError::test_conflict_returns_conflict_flag PASSED [ 95%]
tests/test_update_banner_fixes.py::TestConflictError::test_conflict_message_includes_git_command PASSED [ 95%]
tests/test_update_banner_fixes.py::TestScheduleRestart::test_schedule_restart_exists PASSED [ 95%]
tests/test_update_banner_fixes.py::TestScheduleRestart::test_schedule_restart_is_nonblocking PASSED [ 95%]
tests/test_update_banner_fixes.py::TestApplyUpdateRestartSafety::test_apply_update_refuses_when_stream_active PASSED [ 95%]
tests/test_update_banner_fixes.py::TestApplyUpdateRestartSafety::test_force_update_refuses_when_stream_active PASSED [ 95%]
tests/test_update_banner_fixes.py::TestSuccessfulUpdateReturnsRestartScheduled::test_apply_update_returns_restart_scheduled PASSED [ 95%]
tests/test_update_banner_fixes.py::TestApplyForceUpdate::test_apply_force_update_ok PASSED [ 95%]
tests/test_update_banner_fixes.py::TestApplyForceUpdate::test_apply_force_update_rejects_unknown_target PASSED [ 95%]
tests/test_update_banner_fixes.py::TestForceUpdateRoute::test_force_route_exists PASSED [ 95%]
tests/test_update_banner_fixes.py::TestUiJsUpdateBanner::test_show_update_error_function_exists PASSED [ 95%]
tests/test_update_banner_fixes.py::TestUiJsUpdateBanner::test_force_update_function_exists PASSED [ 95%]
tests/test_update_banner_fixes.py::TestUiJsUpdateBanner::test_force_update_uses_confirm_dialog_not_native PASSED [ 95%]
tests/test_update_banner_fixes.py::TestUiJsUpdateBanner::test_force_update_calls_api_updates_force PASSED [ 95%]
tests/test_update_banner_fixes.py::TestUiJsUpdateBanner::test_success_toast_says_restarting PASSED [ 95%]
tests/test_update_banner_fixes.py::TestUiJsUpdateBanner::test_reload_uses_health_poll_not_blind_timeout PASSED [ 95%]
tests/test_update_banner_fixes.py::TestUiJsUpdateBanner::test_wait_for_server_then_reload_is_defined PASSED [ 95%]
tests/test_update_banner_fixes.py::TestUiJsUpdateBanner::test_wait_for_server_polls_health PASSED [ 95%]
tests/test_update_banner_fixes.py::TestUiJsUpdateBanner::test_refresh_session_handles_restart_mode PASSED [ 96%]
tests/test_update_banner_fixes.py::TestUiJsUpdateBanner::test_conflict_response_shows_force_button PASSED [ 96%]
tests/test_update_banner_fixes.py::TestUiJsUpdateBanner::test_error_displayed_persistently_not_just_toast PASSED [ 96%]
tests/test_update_banner_fixes.py::TestUpdateBannerUx::test_update_banner_includes_repo_branch_labels PASSED [ 96%]
tests/test_update_banner_fixes.py::TestUpdateBannerUx::test_settings_update_check_uses_same_repo_branch_formatter PASSED [ 96%]
tests/test_update_banner_fixes.py::TestIndexHtmlBanner::test_update_error_element_exists PASSED [ 96%]
tests/test_update_banner_fixes.py::TestIndexHtmlBanner::test_force_update_button_exists PASSED [ 96%]
tests/test_update_banner_fixes.py::TestIndexHtmlBanner::test_force_update_button_hidden_by_default PASSED [ 96%]
tests/test_update_banner_fixes.py::TestSequentialUpdateRestartCoordination::test_schedule_restart_waits_for_apply_lock PASSED [ 96%]
tests/test_update_banner_fixes.py::TestSequentialUpdateRestartCoordination::test_schedule_restart_still_fires_when_no_update_in_flight PASSED [ 96%]
tests/test_update_banner_fixes.py::TestForceButtonResetOnRetry::test_apply_updates_resets_force_button_at_start PASSED [ 96%]
tests/test_update_banner_fixes.py::TestCheckForUpdatesButton::test_checkUpdatesNow_defined_in_panels PASSED [ 96%]
tests/test_update_banner_fixes.py::TestCheckForUpdatesButton::test_btnCheckUpdatesNow_in_html PASSED [ 96%]
tests/test_update_banner_fixes.py::TestCheckForUpdatesButton::test_checkUpdatesBlock_css_exists PASSED [ 96%]
tests/test_update_banner_fixes.py::TestCheckForUpdatesButton::test_check_now_i18n_key_exists PASSED [ 96%]
tests/test_update_checker.py::TestApplyUpdateDiagnostics::test_fetch_failure_returns_network_error_message PASSED [ 96%]
tests/test_update_checker.py::TestApplyUpdateDiagnostics::test_fetch_failure_does_not_attempt_pull PASSED [ 96%]
tests/test_update_checker.py::TestApplyUpdateDiagnostics::test_diverged_history_returns_reset_hard_command PASSED [ 96%]
tests/test_update_checker.py::TestApplyUpdateDiagnostics::test_diverged_history_message_contains_compare_ref PASSED [ 96%]
tests/test_update_checker.py::TestApplyUpdateDiagnostics::test_diverged_matching_is_case_insensitive PASSED [ 96%]
tests/test_update_checker.py::TestApplyUpdateDiagnostics::test_no_tracking_returns_set_upstream_command PASSED [ 96%]
tests/test_update_checker.py::TestApplyUpdateDiagnostics::test_no_tracking_alternate_phrasing PASSED [ 96%]
tests/test_update_checker.py::TestApplyUpdateDiagnostics::test_no_tracking_message_contains_compare_ref PASSED [ 96%]
tests/test_update_checker.py::TestApplyUpdateDiagnostics::test_generic_failure_includes_truncated_git_output PASSED [ 96%]
tests/test_update_checker.py::TestApplyUpdateDiagnostics::test_generic_failure_empty_output_shows_sentinel PASSED [ 96%]
tests/test_update_checker.py::TestApplyUpdateDiagnostics::test_generic_failure_does_not_set_diverged PASSED [ 96%]
tests/test_update_checker.py::TestApplyUpdateDiagnostics::test_successful_update_still_returns_ok PASSED [ 96%]
tests/test_update_checker.py::TestApplyUpdateDiagnostics::test_fetch_failure_for_agent_target PASSED [ 96%]
tests/test_updates.py::test_run_git_returns_stderr_on_failure PASSED     [ 96%]
tests/test_updates.py::test_run_git_returns_stdout_when_no_stderr PASSED [ 96%]
tests/test_updates.py::test_run_git_returns_exit_code_when_no_output PASSED [ 96%]
tests/test_updates.py::test_split_remote_ref_splits_tracking_ref PASSED  [ 96%]
tests/test_v050253_opus_followups.py::test_branch_endpoint_rejects_non_string_session_id PASSED [ 96%]
tests/test_v050253_opus_followups.py::test_branch_endpoint_rejects_negative_keep_count PASSED [ 96%]
tests/test_v050253_opus_followups.py::test_no_orphan_wiki_i18n_keys PASSED [ 96%]
tests/test_v050254_opus_followups.py::test_popstate_handler_guards_busy_state PASSED [ 96%]
tests/test_v050255_opus_followups.py::test_rollback_validates_checkpoint_id_against_path_traversal PASSED [ 96%]
tests/test_v050255_opus_followups.py::test_rollback_validate_checkpoint_id_runtime_behavior PASSED [ 96%]
tests/test_v050255_opus_followups.py::test_redact_session_data_reads_settings_once PASSED [ 96%]
tests/test_v050255_opus_followups.py::test_redact_session_data_threads_enabled_once_across_recursion PASSED [ 96%]
tests/test_v050255_opus_followups.py::test_voice_mode_speakresponse_guards_against_session_switch PASSED [ 96%]
tests/test_v050255_opus_followups.py::test_rollback_inspect_checkpoint_except_no_bare_exception PASSED [ 96%]
tests/test_v050257_opus_followups.py::test_oauth_write_auth_json_uses_chmod_0600_before_rename FAILED [ 96%]
tests/test_v050257_opus_followups.py::test_oauth_write_auth_json_source_calls_chmod PASSED [ 96%]
tests/test_v050257_opus_followups.py::test_cron_history_rejects_traversal_in_job_id PASSED [ 96%]
tests/test_v050257_opus_followups.py::test_cron_history_clamps_offset_and_limit PASSED [ 96%]
tests/test_v050257_opus_followups.py::test_run_agent_streaming_uses_session_enabled_toolsets PASSED [ 96%]
tests/test_v050257_opus_followups.py::test_session_load_metadata_only_returns_instance_not_dict PASSED [ 96%]
tests/test_v050258_opus_followups.py::test_login_redirect_uses_path_only_safe_encoding PASSED [ 97%]
tests/test_v050258_opus_followups.py::test_redirect_roundtrip_simple_path PASSED [ 97%]
tests/test_v050258_opus_followups.py::test_redirect_roundtrip_single_query_param PASSED [ 97%]
tests/test_v050258_opus_followups.py::test_redirect_roundtrip_multi_query_params PASSED [ 97%]
tests/test_v050258_opus_followups.py::test_redirect_roundtrip_attacker_controlled_next_injection_neutralized PASSED [ 97%]
tests/test_v050258_opus_followups.py::test_redirect_session_ttl_30_days PASSED [ 97%]
tests/test_v050259_sessiondb_fd_leak.py::test_cached_agent_reuse_closes_old_session_db PASSED [ 97%]
tests/test_v050259_sessiondb_fd_leak.py::test_lru_eviction_closes_evicted_agent_session_db PASSED [ 97%]
tests/test_v050259_sessiondb_fd_leak.py::test_session_db_close_is_idempotent PASSED [ 97%]
tests/test_v050259_sessiondb_fd_leak.py::test_cached_agent_reuse_calls_close_on_old_session_db PASSED [ 97%]
tests/test_v050259_sessiondb_fd_leak.py::test_lru_eviction_closes_evicted_session_db PASSED [ 97%]
tests/test_v050260_docker_invariants.py::test_two_container_compose_aligns_agent_uid_with_webui PASSED [ 97%]
tests/test_v050260_docker_invariants.py::test_three_container_compose_aligns_all_three_services PASSED [ 97%]
tests/test_v050260_docker_invariants.py::test_single_container_compose_uses_same_uid_source PASSED [ 97%]
tests/test_v050260_docker_invariants.py::test_compose_files_document_skip_chmod_escape_hatch PASSED [ 97%]
tests/test_v050260_docker_invariants.py::test_env_docker_example_exists PASSED [ 97%]
tests/test_v050260_docker_invariants.py::test_docs_docker_md_exists_and_covers_failure_modes PASSED [ 97%]
tests/test_v050260_docker_invariants.py::test_readme_no_stale_root_hermes_path PASSED [ 97%]
tests/test_v050260_docker_invariants.py::test_readme_links_to_docker_md PASSED [ 97%]
tests/test_v050260_docker_invariants.py::test_compose_files_parse_as_valid_yaml PASSED [ 97%]
tests/test_v050260_docker_invariants.py::test_agent_service_does_not_recommend_invalid_home_mode PASSED [ 97%]
tests/test_v050260_docker_invariants.py::test_compose_files_warn_about_home_mode_asymmetry PASSED [ 97%]
tests/test_v050260_docker_invariants.py::test_env_docker_example_warns_about_home_mode_asymmetry PASSED [ 97%]
tests/test_version_badge.py::TestDetectWebUIVersion::test_git_success_returns_tag PASSED [ 97%]
tests/test_version_badge.py::TestDetectWebUIVersion::test_git_between_tags_returns_descriptor PASSED [ 97%]
tests/test_version_badge.py::TestDetectWebUIVersion::test_git_failure_falls_back_to_version_file PASSED [ 97%]
tests/test_version_badge.py::TestDetectWebUIVersion::test_git_failure_no_version_file_returns_unknown PASSED [ 97%]
tests/test_version_badge.py::TestDetectWebUIVersion::test_version_file_malformed_returns_unknown PASSED [ 97%]
tests/test_version_badge.py::TestDetectWebUIVersion::test_git_uses_correct_describe_flags PASSED [ 97%]
tests/test_version_badge.py::TestDetectAgentVersion::test_version_file_is_preferred PASSED [ 97%]
tests/test_version_badge.py::TestDetectAgentVersion::test_git_fallback_used_when_version_file_missing PASSED [ 97%]
tests/test_version_badge.py::TestDetectAgentVersion::test_missing_agent_returns_not_detected PASSED [ 97%]
tests/test_version_badge.py::TestDetectAgentVersion::test_agent_detect_returns_not_detected_on_fail PASSED [ 97%]
tests/test_version_badge.py::TestWebUIVersionConstant::test_webui_version_is_set PASSED [ 97%]
tests/test_version_badge.py::TestWebUIVersionConstant::test_webui_version_is_not_old_hardcoded PASSED [ 97%]
tests/test_version_badge.py::TestSettingsEndpointVersion::test_api_settings_includes_webui_version PASSED [ 97%]
tests/test_version_badge.py::TestSettingsEndpointVersion::test_api_settings_webui_version_not_empty PASSED [ 97%]
tests/test_version_badge.py::TestSettingsEndpointVersion::test_api_settings_no_password_hash PASSED [ 97%]
tests/test_version_badge.py::TestIndexHTMLBadge::test_old_stale_version_removed_from_html PASSED [ 97%]
tests/test_version_badge.py::TestIndexHTMLBadge::test_badge_element_still_present PASSED [ 97%]
tests/test_version_badge.py::TestPanelsJSVersionBadge::test_panels_js_reads_webui_version PASSED [ 97%]
tests/test_version_badge.py::TestPanelsJSVersionBadge::test_panels_js_targets_version_badges PASSED [ 97%]
tests/test_version_badge.py::TestServerVersionHeader::test_server_version_not_old_hardcoded PASSED [ 97%]
tests/test_version_badge.py::TestServerVersionHeader::test_server_version_uses_webui_version PASSED [ 97%]
tests/test_version_badge.py::TestServerVersionHeader::test_server_py_imports_webui_version PASSED [ 97%]
tests/test_version_badge.py::TestServerVersionHeader::test_server_version_no_slash_when_unknown PASSED [ 97%]
tests/test_version_badge.py::TestServerVersionHeader::test_server_version_uses_removeprefix_not_lstrip PASSED [ 97%]
tests/test_voice_transcribe_endpoint.py::test_handle_transcribe_requires_file_field PASSED [ 97%]
tests/test_voice_transcribe_endpoint.py::test_handle_transcribe_returns_transcript PASSED [ 97%]
tests/test_voice_transcribe_endpoint.py::test_handle_transcribe_surfaces_provider_error PASSED [ 98%]
tests/test_webui_platform_hint.py::test_streaming_uses_webui_platform PASSED [ 98%]
tests/test_webui_platform_hint.py::test_routes_uses_webui_platform_for_all_agent_calls PASSED [ 98%]
tests/test_workspace_add_quote_strip.py::TestStripSurroundingQuotes::test_unwrapped_path_unchanged PASSED [ 98%]
tests/test_workspace_add_quote_strip.py::TestStripSurroundingQuotes::test_single_quotes_stripped PASSED [ 98%]
tests/test_workspace_add_quote_strip.py::TestStripSurroundingQuotes::test_double_quotes_stripped PASSED [ 98%]
